# Start logging at 2023-07-22 12:07:59 CDT
[12:07:59]  redbeardy_mcgee: !playlist import https://www.youtube.com/playlist?list=PLNyEwlGdqzvvxPBHTcysY-qDdxwPPS_mz
[12:07:59] Saturday, July 22, 2023
[12:23:41]  redbeard_bot: @redbeardy_mcgee, imported 728 and skipped 7 to playlist
# Start logging at 2023-07-22 13:06:01 CDT
[13:06:01] connected
[13:06:03] Message history service recovering, there may be gaps in the message history.
[13:10:01] Redbeardy_McGee is live!
[13:18:12]  bunhara: redbeard_bot
[13:18:34]  bunhara: theres a redbeard_bot is all
[13:18:37]  bunhara: thats what about it
[13:18:55]  bunhara: no i see it in chat from almost an hour ago lel
[13:19:09]  bunhara: !sr if you've got it you'll get it
[13:19:09]  nightbot: @Bunhara -> "If You've Got It, You'll Get It" by Jestofunk - Topic has been added to the queue in position #1
[13:19:20]  bunhara: i dont even know if thats the right song
[13:19:25]  bunhara: cause thats not the headhunters thats for sure
[13:20:46]  bunhara: not the same but good enough
[13:20:51]  bunhara: whats with all these fuckin events
[13:20:53]  bunhara: whoa re you
[13:21:20]  bunhara: dkShame
[13:21:26]  bunhara: regret monkaS
[13:21:36]  bunhara: where is curse removal shrine when you need it
[13:22:19]  bunhara: with neows lament, what elite do you think you most hope to snipe on silent? cause I feel like mine is laga
[13:24:01]  bunhara: wraith form here feels so monkey
[13:24:40]  sparklecrotchthottie: red beard has 666666666666666666666666666666666 healthf
[13:24:50]  bunhara: 666666666666666666666666666666666666666666666666
[13:25:05]  bunhara: finisher deck
[13:25:05]  sparklecrotchthottie: its LITERALLY glistening, dipshit
[13:25:14]  sparklecrotchthottie: MIBPH deck
[13:25:22]  bunhara: nice nunchaku, idiot
[13:25:31]  bunhara: nice finisher, idiot
[13:25:42]  bunhara: why does this character suck
[13:26:05]  bunhara: lethal deck
[13:26:10]  sparklecrotchthottie: do u trim ur nosehairs
[13:26:20]  bunhara: oh my god my blades are dancing
[13:26:30]  sparklecrotchthottie: if so how often
[13:26:45]  sparklecrotchthottie: pogchampion
[13:29:52]  bunhara: this idiot cant set up his relics
[13:30:22]  bunhara: the beast
[13:30:37]  bunhara: its just a beast
[13:30:46]  bunhara: most likely to be some sort of ungulate
[13:30:52]  bunhara: but its feet dont look like hooves
[13:31:10]  bunhara: ungulates are hooved animals
[13:31:39]  bunhara: like it looks like a bovine, like a water buffalo, but its horns dont resemble any
[13:31:43]  bunhara: and those feet just dont match up
[13:31:51]  bunhara: the feet are much more rhino/elephant like
[13:32:08]  bunhara: I used to think it was an elephant until I noticed the hole is actually its eye
[13:32:41]  bunhara: no I thought the horns were the tusk
[13:32:47]  bunhara: and the "hole" was meant to be like
[13:32:51]  bunhara: the trunk going to its mouth
[13:33:45]  bunhara: yeah its basically just the fuckin head
[13:33:51]  bunhara: its head just doesnt match with anything
[13:34:33]  bunhara: oh my god im gremlin horning
[13:34:55]  bunhara: put all finisher damage on the louse?
[13:35:06]  bunhara: holy
[13:35:22]  bunhara: !sr could heaven ever be like this
[13:35:23]  nightbot: @Bunhara -> "Could Heaven Ever Be Like This" by Idris Muhammad - Topic has been added to the queue in position #1
[13:37:29]  bunhara: im pretty sure i can i just dont care lol
[13:37:35]  bunhara: !songs skip
[13:37:35]  nightbot: @Bunhara -> "Lorde + Son Lux "Easy (Switch Screens)" (Official Audio)" by Joyful Noise Recordings has been skipped.
[13:37:47]  bunhara: it worked yeah
[13:38:34]  redbeardy_mcgee: https://sogebot.github.io/sogeBot/#/
[13:39:23]  bunhara: i see, i see paparG
[13:40:13]  devila86: bbirbLurk
[13:40:40]  bunhara: Please, Bob was my father
[13:40:54]  devila86: devila2Stare
[13:41:25]  bunhara: just buy blue candle
[13:44:15]  redbeardy_mcgee: https://github.com/single-right-quote/VideoAdBlockForTwitchNoPepe
[13:45:12]  bunhara: regret losing us a dark shackles :(
[13:45:20]  phrogamid: BIGFROG
[13:45:31]  bunhara: BIGFROG
[13:45:42]  phrogamid: good and you
[13:46:13]  skyfishl: !pronouns
[13:46:13]  nightbot: Automatically share your pronouns as a chat badge: https://pronouns.alejo.io/ -- Don't forget the extension for Firefox (https://pronouns.alejo.io/firefox) or Chrome (https://pronouns.alejo.io/chrome)!
[13:48:54]  bunhara: !sr undefeatable sonic frontiers
[13:48:55]  nightbot: @Bunhara -> "Undefeatable - Sonic Frontiers OST (High Quality)" by Adrian F has been added to the queue in position #1
[13:49:19]  bunhara: !sr find your flame sonic frontiers
[13:49:20]  nightbot: @Bunhara -> "Sonic Frontiers OST - Find Your Flame" by Charisma entertainer has been added to the queue in position #2
[13:49:25]  bunhara: !sr break through it all sonic frontiers
[13:49:26]  nightbot: @Bunhara -> "Sonic Frontiers OST - Break Through It All" by Charisma entertainer has been added to the queue in position #3
[13:49:32]  bunhara: !sr im here sonic frontiers
[13:49:33]  nightbot: @Bunhara -> "Sonic Frontiers OST - I’m Here" by Charisma entertainer has been added to the queue in position #4
[13:49:43]  phrogamid: bun are you ok
[13:49:51]  bunhara: i like sonic frontiers
[13:49:57]  bunhara: I will speak my truth
[13:50:02]  bunhara: yeah it is
[13:50:04]  phrogamid: ill take that as a no beterSadge
[13:50:20]  skyfishl: oh wait no is this sr
[13:51:28]  skyfishl: !songlist
[13:51:28]  nightbot: @skyfishl -> The song list for this channel is available at https://nightbot.tv/t/redbeardy_mcgee/song_requests
[13:52:47]  skyfishl: !sr https://www.youtube.com/watch?v=ALUBjofCkLU
[13:52:48]  nightbot: @skyfishl -> "Farah - Law Of Life" by albanox has been added to the queue in position #4
[13:54:56]  skyfishl: !sr https://www.youtube.com/watch?v=QahnveGrxLw
[13:54:56]  nightbot: @skyfishl -> "Vespers of 1610: Ave maris stella" by The Sixteen - Topic has been added to the queue in position #4
[13:56:56]  skyfishl: sonic music is weird to my genesis era ears
[13:57:05]  skyfishl: all this cool guys
[13:57:11]  skyfishl: rather than bleep bloop
[13:57:40]  bunhara: well these are for the boss fights
[13:58:02]  bunhara: they've always meant to be super big spectacles
[13:58:09]  bunhara: the final boss fights always had music like this
[13:58:20]  skyfishl: i played like the first 4 and doctor robotnik's mean bean machine and that's IT
[13:58:50]  bunhara: not in the genesis era no but those were completely different
[13:59:58]  phrogamid: gatekeeping sonic vibes again huh
[14:00:03]  bunhara: me personally, i love to see the blue rodent man turn golden and beat the shit out of kaijus
[14:00:10]  skyfishl: i also read tails gets trolled which i guess this music vibes with
[14:00:14]  moribund: FeelsBeardMan
[14:00:22]  bunhara: its just super sonic yeah
[14:00:41]  bunhara: so many fucking gamers are streaming paparNobLikeThis
[14:01:27]  phrogamid: aaaa
[14:01:33]  skyfishl: !sr https://www.youtube.com/watch?v=Hls8WnUfHbY
[14:01:33]  nightbot: @skyfishl -> "Pinch - Can (1972)" by SeaBreezeTelevision has been added to the queue in position #4
[14:01:51]  skyfishl: i haven't seen a beardy stream forever, it's very welcome
[14:01:58]  bunhara: i watching you and money, but if I start watching vm and byron I will get overwhelmed, and I also cant keep up with Coach's watcher runs paparNobLikeThis
[14:02:15]  bunhara: no LUL
[14:02:18]  bunhara: but they're funny sometimes
[14:03:20]  bunhara: fuck you, nightbot
[14:04:36]  bunhara: it goes up to like
[14:04:39]  bunhara: 181 i believe
[14:04:53]  bunhara: 148-181 if im not mistaken
[14:05:02]  bunhara: wait a minute
[14:05:04]  bunhara: my bad
[14:05:06]  bunhara: those are cards
[14:05:10]  nerdbusta1: Is it the same price as an uncommon relic?
[14:05:15]  bunhara: 157-172
[14:05:22]  bunhara: and yeah thats rare cards earlier
[14:05:31]  skyfishl: i think the stupid hat is the best
[14:05:40]  skyfishl: hurr i'm a domehead just play my hand
[14:09:57]  skyfishl: every time i just spam events i imagine redbeardy disapproving of me
[14:10:42]  nerdbusta1: Fights seem fairly safe with the energy relics and all the damage in the deck
[14:10:50]  skyfishl: these idiots aren't even attacking!
[14:11:15]  nerdbusta1: Looters immediately punishing immediately ecto pickers
[14:11:54]  nerdbusta1: What are they doing??
[14:12:24]  moribund: have you tried Retroarch online co-op? I wonder how good the netplay is now. I remember it being pretty bad about a decade ago.
[14:12:49]  moribund: Steam Deck co-op pchB
[14:13:02]  moribund: ad WutFace
[14:13:10]  skyfishl: holy fuck 90 second ad
[14:13:14]  nerdbusta1: Ad SeemsGood
[14:13:17]  moribund: 2 out of 5 WutFace DansGame NotLikeThis
[14:13:19]  redbeardy_mcgee: i warned you
[14:13:24]  skyfishl: you might respond to me but i will never know
[14:13:27]  redbeardy_mcgee: https://github.com/single-right-quote/VideoAdBlockForTwitchNoPepe
[14:14:00]  redbeardy_mcgee: ^ proxies your twitch player through ad-free countries during ad-breaks
[14:14:08]  moribund: back PogChamp
[14:14:32]  redbeardy_mcgee: !commands add !ad https://github.com/single-right-quote/VideoAdBlockForTwitchNoPepe
[14:14:32]  nightbot: @Redbeardy_McGee -> The command "!ad" has been added successfully.
[14:14:35]  redbeardy_mcgee: !ad
[14:14:35]  nightbot: https://github.com/single-right-quote/VideoAdBlockForTwitchNoPepe
[14:14:48]  nerdbusta1: play your ads, homie GayPride
[14:14:52]  skyfishl: fortunately i chose a song that goes on for a million years so it's still going
[14:15:17]  skyfishl: nah it's ok
[14:15:25]  skyfishl: i filled up on requests
[14:15:35]  bunhara: !sr roses outkast
[14:15:36]  nightbot: @Bunhara -> "Roses" by Outkast - Topic has been added to the queue in position #6
[14:15:59]  moribund: what are these guys doing monkaS
[14:16:04]  moribund: they could be doing anything monkaS
[14:16:17]  firstdane: its him PogChamp 🧔
[14:17:51]  skyfishl: the dane
[14:17:55]  skyfishl: first of his name
[14:18:21]  firstdane: @skyfishl : )
[14:21:32]  skyfishl: are byrds gone now
[14:21:45]  skyfishl: i guess still in addition to other guys
[14:22:39]  skyfishl: i wonder if the byrds are named after the 60d band who do bob dylan covers or after the english renaissance composer william byrd
[14:22:46]  moribund: Rob pchWave
[14:22:47]  firstdane: robert FeelsGoodMan
[14:24:00]  moribund: TeaTime
[14:24:12]  bunhara: thank god we were 4 gold short
[14:24:17]  bunhara: I wouldve went back and robbed the asshole
[14:24:38]  skyfishl: !sr https://www.youtube.com/watch?v=4qlgQoVshf4
[14:24:38]  nightbot: @skyfishl -> "Agnus Dei - Byrd, Mass for 4 Voices" by morphthing1 has been added to the queue in position #6
[14:24:49]  firstdane: bun MuckChamp
[14:25:04]  bunhara: which dane is this guy supposed to be
[14:25:11]  skyfishl: this is the first one
[14:25:13]  skyfishl: dane prime
[14:25:16]  bunhara: of how many
[14:25:23]  skyfishl: there are over a dozen
[14:25:35]  bunhara: thats a lot of dane
[14:25:41]  firstdane: FeelsBeardMan
[14:25:45]  skyfishl: too much, some might say
[14:25:49]  skyfishl: i didn't say it
[14:25:52]  skyfishl: but some have
[14:25:56]  bunhara: aomw
[14:25:58]  bunhara: some
[14:26:02]  firstdane: destroy the others
[14:26:20]  skyfishl: that's your job you lazy outsourcer
[14:26:58]  firstdane: i prefer senior manager
[14:27:01]  firstdane: chief delegator
[14:27:10]  skyfishl: you are a true gremlin leader
[14:27:22]  bunhara: im so gremlin horny
[14:27:31]  moribund: 🥷
[14:28:07]  skyfishl: i always take ninja scroll i don't give a FUCK
[14:28:21]  skyfishl: i know it's bad sometimes i'm taking it and shiving a fool
[14:29:00]  skyfishl: finisher too
[14:30:39]  skyfishl: !sr https://www.youtube.com/watch?v=Htln_VltEYs
[14:30:40]  nightbot: @skyfishl -> "Mass in B Minor, BWV 232: Cum Sancto Spiritu (Chorus)" by English Baroque Soloists - Topic has been added to the queue in position #7
[14:30:45]  firstdane: what the fuck are these guys doin
[14:31:23]  firstdane: "Cum Sancto" mods plz
[14:31:35]  moribund: 14 and 9
[14:35:52]  skyfishl: i love a fat deck
[14:38:38]  moribund: turn one build
[14:38:52]  moribund: only turn one relics this act
[14:39:24]  moribund: I guess Akabeko isn't strictly first turn ¯\_(ツ)_/¯
[14:40:57]  leprochauninja: it sings
[14:41:00]  leprochauninja: how can it be bad
[14:41:08]  leprochauninja: there are no bad singers
[14:41:09]  leprochauninja: ever
[14:57:41]  leprochauninja: !sr h.y.c.y.bh
[14:57:41]  nightbot: @Leprochauninja -> "H.Y.C.Y.BH? (Official Video)" by tom cardy has been added to the queue in position #3
[14:58:13]  leprochauninja: this song is stuck in my head and it's super childish
[14:58:43]  leprochauninja: you'll understand
[14:59:03]  moribund: great song
[15:00:56]  firstdane: entire album slaps from cover to cover
[15:01:18]  firstdane: jimmy
[15:01:35]  firstdane: i dont know this cardy T
[15:02:40]  apneaa: rancid
[15:02:44]  leprochauninja: just drink fruit juice now and then trade it
[15:02:48]  leprochauninja: cheat the system
[15:03:13]  apneaa: my favorite ranwid moment ever
[15:03:48]  apneaa: is holoshideim not being able to drink his entro before the elite to make a decision about whether or not he wanna go to it
[15:03:53]  apneaa: because the floor was ranwid
[15:04:03]  apneaa: and ranwid still lock your potion even AFTER
[15:04:08]  apneaa: you gave him something
[15:04:16]  apneaa: that was amazing
[15:04:29]  apneaa: yeah it doesn't unlock it's dumb LUL
[15:04:55]  apneaa: so he had to go for the elite or dodge based on the entro possibilites
[15:04:58]  apneaa: instead of knowing
[15:05:01]  apneaa: was a fun floor
[15:07:27]  leprochauninja: 2hp is tempting
[15:09:36]  leprochauninja: with flex it's lethal
[15:09:37]  leprochauninja: probably
[15:11:29]  moribund: WIDECATJAM
[15:11:29]  nightbot: WARNING: This emote is unlisted. Either it hasn't yet been confirmed by a moderator, or the moderation team chose not to confirm this emote. As a result, we cannot guarantee it is safe to show on a livestream.
[15:11:40]  leprochauninja: yes
[15:12:45]  bunhara: !sr that thing lauryn hill
[15:12:45]  nightbot: @Bunhara -> "Lauryn Hill - Doo Wop (That Thing) [Lyrics]" by Real Hip Hop Lyrics has been added to the queue in position #1
[15:13:16]  bunhara: !sr falling behind laufey
[15:13:16]  nightbot: @Bunhara -> "Laufey - Falling Behind (Official Audio)" by Laufey has been added to the queue in position #2
[15:13:34]  leprochauninja: use the poison pot
[15:13:35]  bunhara: !sr children's story slick rick
[15:13:36]  nightbot: @Bunhara -> "Children's Story" by Slick Rick - Topic has been added to the queue in position #2
[15:13:54]  leprochauninja: either one
[15:14:46]  pacdrin: !pronouns
[15:14:46]  nightbot: Automatically share your pronouns as a chat badge: https://pronouns.alejo.io/ -- Don't forget the extension for Firefox (https://pronouns.alejo.io/firefox) or Chrome (https://pronouns.alejo.io/chrome)!
[15:15:17]  bunhara: LUL
[15:15:22]  bunhara: yeah probably
[15:15:41]  leprochauninja: these nouns that are pros at being nouns
[15:16:01]  moribund: clickable for me
[15:16:05]  leprochauninja: it doesn't mess up the hyperlink for me
[15:16:16]  bunhara: !editcom !pronouns Automatically share your pronouns as a chat badge: https://pronouns.alejo.io/ -- Don't forget the extension for Firefox ( https://pronouns.alejo.io/firefox ) or Chrome ( https://pronouns.alejo.io/chrome )!
[15:16:17]  nightbot: @Bunhara -> The command "!pronouns" has been edited successfully.
[15:16:22]  bunhara: wasnt clickable for me either
[15:16:32]  bunhara: i am
[15:16:39]  bunhara: but i think it might have something to do with 7tv's settings
[15:16:40]  leprochauninja: it probably depends on the browser
[15:16:51]  bunhara: cause I dont even see the pronouns despite having the extension
[15:16:53]  bunhara: maybe
[15:16:57]  bunhara: i am using opera
[15:17:01]  bunhara: I should be using firefox lol
[15:17:12]  leprochauninja: I'm on opera and it was clickable
[15:17:20]  bunhara: opera gx just uses chrome stuff
[15:17:31]  bunhara: yeah
[15:17:51]  bunhara: im pretty sure its just a 7tv thing changing my layout stuff and stuff
[15:25:32]  moribund: Sadge
[15:30:17] 14 raiders from killersassist have joined!
[15:30:31]  killersassist: Hello XD
[15:30:36]  killersassist: Played some Cult of the Lamb
[15:30:41]  killersassist: Just started that back up
[15:31:03]  killersassist: Hate to raid/run, but I am starving, need to pee super badly, and need wife time XD
[15:31:38]  killersassist: Hah, no worrries lol
[15:31:45]  killersassist: I'm just typically wehre a lot of streamers come to lurk and hang
[15:31:47]  killersassist: XD
[15:32:11]  killersassist: Ah, gotcha.
[15:32:14]  killersassist: Feelsbadman
[15:32:16]  killersassist: But also dedication
[15:32:19]  killersassist: So feelsgoodman?
[15:32:31]  killersassist: Ok, i'm about to shit myself, I must go O.O
[15:32:34]  killersassist: Leaving lurk
[15:44:47]  leprochauninja: nonchocko
[15:46:00]  leprochauninja: Beardy I'm exhausted
[15:46:10]  leprochauninja: I went for a two hour hike today
[15:46:32]  leprochauninja: it was nice except for the bug enemies
[15:47:02]  leprochauninja: I went to a lake at the top of a mountain
[15:47:52]  leprochauninja: you can still get nunchuckalocku yeah?
[15:48:00]  leprochauninja: two shivs and finish?
[15:52:36]  leprochauninja: bless you
[15:54:35]  leprochauninja: shiv eater
[15:56:39]  leprochauninja: in the past people use to put the time eaters on hooks and use them to catch neows.
[15:58:22]  leprochauninja: what if dome didn't hide intents but instead hid statuses
[15:58:48]  moribund: what if Dome hid the cards in your hand
[15:58:52]  leprochauninja: hmm
[15:58:56]  leprochauninja: that would be tough
[16:02:07]  leprochauninja: there are no will robinsons here
[16:07:40]  leprochauninja: lose here huh
[16:08:29]  leprochauninja: just use the pot
[16:08:42]  leprochauninja: It's not *that* good to keep
[16:08:54]  leprochauninja: both your pots are just fine
[16:08:59]  leprochauninja: it's health
[16:10:03]  leprochauninja: rip
[16:10:08]  moribund: FeelsBadMan
[16:28:18]  moribund: Nob's nieces and nephews monkaS
[16:50:21]  moribund: f?
[16:50:29]  moribund: f Sadge
[16:50:42]  moribund: back DogChamp
[16:55:44]  moribund: WIDECATJAM
[16:55:45]  nightbot: WARNING: This emote is unlisted. Either it hasn't yet been confirmed by a moderator, or the moderation team chose not to confirm this emote. As a result, we cannot guarantee it is safe to show on a livestream.
[17:05:25]  ruah777: are we going to take the 50 win streak away from LC
[17:05:32]  ruah777: and on defect no less
[17:05:46]  ruah777: how as life been
[17:07:13]  apneaa: youre not dead but i think the capacity has to come down
[17:07:56]  apneaa: you survive 100% if you glug everything i just didn't find a line that survived with just memory dupe
[17:08:51]  apneaa: oh dual cast is enough
[17:11:24]  why_so_cereal2: !pronouns
[17:11:25]  nightbot: Automatically share your pronouns as a chat badge: https://pronouns.alejo.io/ -- Don't forget the extension for Firefox ( https://pronouns.alejo.io/firefox ) or Chrome ( https://pronouns.alejo.io/chrome )!
[17:12:01]  why_so_cereal2: Hey redbeard. I just reorganized my music studio/office
[17:12:59]  earlthepreciouspearl: it was perfect volume and i'm the one that followed PridePenguin
[17:13:37]  earlthepreciouspearl: oh in that case i never followed, i am only in your imagination Kappa
[17:16:14]  earlthepreciouspearl: this run needs a white beast
[17:20:27]  paparatto18: !sr nobbers
[17:20:27]  nightbot: @paparatto18 -> "Nobbers" by Here Are The Young Men - Topic has been added to the queue in position #1
[17:20:30]  paparatto18: holy
[17:21:01]  paparatto18: !sr jethro tull
[17:21:02]  nightbot: @paparatto18 -> "Jethro Tull - Aqualung (Official Music Video)" by Jethro Tull has been added to the queue in position #2
[17:21:12]  paparatto18: get sussed
[17:21:45]  paparatto18: you have 24 passive over 2 turns
[17:22:08]  paparatto18: surge blocks entangle if blue dies
[17:22:14]  paparatto18: so kill blue gotta be the goal
[17:22:43]  paparatto18: surge strike kills blueamid
[17:22:45]  paparatto18: right
[17:23:11]  paparatto18: that's better
[17:24:34]  paparatto18: mummy hand is
[17:24:35]  paparatto18: good
[17:24:44]  paparatto18: uh
[17:24:54]  paparatto18: -1
[17:25:24]  paparatto18: holy
[17:25:31]  paparatto18: what bos
[17:25:37]  earlthepreciouspearl: now we just need 2 biased cogs
[17:25:42]  paparatto18: collector would be easy click
[17:26:07]  paparatto18: blocking vuln in heart gigapog
[17:27:05]  paparatto18: ftl is quite good here too
[17:27:07]  nerdbusta1: Was about to say is ftl too cringe over surge?
[17:27:17]  nerdbusta1: Plays well with the relics
[17:27:39]  paparatto18: surge with pot belt gotta
[17:28:02]  paparatto18: flex for elites
[17:28:05]  paparatto18: speed for heart
[17:28:07]  paparatto18: very pog
[17:28:18]  paparatto18: it's good
[17:28:29]  paparatto18: i was awakened to surge when i saw a merl run with like 4
[17:28:39]  paparatto18: you can just click it unless you already win
[17:29:17]  paparatto18: !sr jethro tull cross eyed mary
[17:29:18]  nightbot: @paparatto18 -> "Jethro Tull - Cross-Eyed Mary" by Graham Music has been added to the queue in position #1
[17:32:32]  nerdbusta1: Were you saving the defrags for the mummy hand?
[17:32:41]  nerdbusta1: Oh echo
[17:34:56]  paparatto18: when i was
[17:34:57]  paparatto18: a nobber
[17:36:19]  nerdbusta1: merl61BiasedCogamid
[17:39:16]  nerdbusta1: Banana moneym59SHAKE
[17:50:27]  killasue: !pronouns
[17:50:28]  nightbot: Automatically share your pronouns as a chat badge: https://pronouns.alejo.io/ -- Don't forget the extension for Firefox ( https://pronouns.alejo.io/firefox ) or Chrome ( https://pronouns.alejo.io/chrome )!
[17:51:10]  killasue: sup redbeardy, been a while :) hows the run going
[17:54:24]  killasue: are you focusing on defect or is it just rotation? deck looks pretty neat overall
[17:56:14]  killasue: I'm glad to hear that honestly. Ive streamed STS for a while and still would like to, but even if Im doing really well the mindset of try-harding every run is so exhausting in this game. so just playing to have fun is probably a really healthy approach :D
[17:57:21]  killasue: Oh for sure, I couldn't do meme runs and stuff, too. But players like us still try-hard a fair amount even casually :P
[17:58:34]  killasue: when Im "taking it easy" I basically just try to not get too salty if I lose a decent run before A4 lol
[17:59:26]  helox79: Oh look, beardy back to streaming!
[18:02:01]  killasue: yeah once you spent 1k+ hours in this game its almost too easy to beat yourself up over all the tiny mistakes that become really apparent once you lose. its precisely why I couldnt stream spire for more than a month daily, Id just be too miserable too often
[18:07:32]  killasue: the draw is pretty nice with echo forms and all the deck manipulation
[18:08:55]  killasue: the finesse would def profit from the flash of steel on top, but the debuff and weak is really nice too
[18:13:40]  starblazen: !pronouns
[18:13:41]  nightbot: Automatically share your pronouns as a chat badge: https://pronouns.alejo.io/ -- Don't forget the extension for Firefox ( https://pronouns.alejo.io/firefox ) or Chrome ( https://pronouns.alejo.io/chrome )!
[18:15:28]  killasue: really nice and loopy run
[18:16:51]  killasue: whoops
[18:19:58]  killasue: yeah I think so
[18:22:31]  killasue: it shines extra bright with pyramid I think
[18:23:57]  killasue: I have a feeling that this steam barrier is going to be incredible in act 4 in at least one encounter
[18:24:43]  killasue: lol
[18:25:04]  killasue: tricky
[18:25:44]  killasue: you have so many tutors I think youll find the one turbo if you need it
[18:27:00]  killasue: feel like wed rather take a meteor strike if we want any more energy generation at this point
[18:27:45]  killasue: potential quadruple zap fight Pog
[18:28:37]  blitzn: !pronouns
[18:28:37]  nightbot: Automatically share your pronouns as a chat badge: https://pronouns.alejo.io/ -- Don't forget the extension for Firefox ( https://pronouns.alejo.io/firefox ) or Chrome ( https://pronouns.alejo.io/chrome )!
[18:29:04]  blitzn: sup
[18:29:17]  blitzn: doing alright man you
[18:29:44]  blitzn: i never know when to not pick up cards in this game, i think thats why i didnt progress far
[18:30:47]  blitzn: this guy was my favorite char in this game
[18:31:00]  blitzn: the chain lightening stuff was awesome
[18:31:39]  killasue: Ive always been an Ironclad guy. and my second favorite would be silent even though she probably brought the most tedious times upon me lol
[18:33:44]  killasue: its also really hard to just "mail it in" with defect, even if you have a really strong run you can't take turns off with the robot
[18:34:32]  blitzn: you still play pubg at all?
[18:35:04]  blitzn: they put so many broken things in it man, its lost its identify
[18:39:18]  firstdane: can never have too much money
[18:39:20]  firstdane: love that guy
[18:39:37]  firstdane: uptim
[18:40:18]  killasue: seek is good, maaaaybe echo form just for act 4 insurance but I dont think youll need it
[18:42:52]  killasue: Seek+ already doing its job
[18:44:49]  killasue: classic defect, run can deploy like 5 different completely OP strategies, but t1-3 can be a big struggle
[18:49:49]  killasue: you can get rid of bad hand cards
[18:53:36]  killasue: I think you just stall until double self repair into multi cast dark orb. I think double steam barrier is also decent here, it saves card plays vs tutoring 2x
[18:59:59]  killasue: good fight
[19:01:46]  killasue: bottle seek over apo?
[19:03:55]  killasue: violence has a decent chance to find solid cards
[19:04:19]  killasue: compile driver cold snap flash of steel decent targets
[19:05:43]  killasue: I think its really solid here tbh :D rare good violence
[19:10:01]  killasue: stack could be juicy
[19:10:27]  killasue: with pyramid and all the deck manip you can setup really fat stacks imo
[19:12:15]  killasue: really nice plasma
[19:14:08]  killasue: think this is the first time Ive ever seen this interaction
[19:15:14]  killasue: yeah violence thins out the deck pretty well, would have been nice to land the compile driver or flash of steel but its still better having those in the discard than in draw pile. plus the potential stack combo
[19:16:07]  killasue: it happens, dont think this mistake will be too costly if at all
[19:18:58]  killasue: masybe stop playing
[19:19:15]  killasue: to keep the discard pile for next turn
[19:19:20]  killasue: but its w/e
[19:20:10]  killasue: Im for heatsinks
[19:20:23]  killasue: accelerating t1-3 is the one tiny issue this deck still has sometimes
[19:21:12]  killasue: this is a really nice T1
[19:22:02]  killasue: nice
[19:23:22]  killasue: so many lines to play. echo turbo feels good
[19:24:20]  killasue: feels good to get all the nice rolls t1 vs the heart
[19:24:39]  elad_o: Is there a reason not to use the focus pot?
[19:26:16]  theyarejo: 👀
[19:26:21]  killasue: liquid memories play?
[19:26:36]  theyarejo: So I have two super cool pieces of news if you don’t mind my sharing
[19:26:37]  killasue: yeah I feel messing with the discard is wrong here
[19:26:49]  theyarejo: 1. New rent stabilized 3BR apartment with a private backyard
[19:27:38]  theyarejo: 2. Starting hormones soon! Taking something called Raloxifene that causes all the normal feminizing things of estrogen without causing breast growth or muscle loss or loss of bone density
[19:27:44]  killasue: private backyard sound really nice. are you the only tenant who has access to the backyard?
[19:27:51]  theyarejo: Yep! @killasue
[19:28:20]  theyarejo: I wanted to be on HRT for like a decade but I didn’t want to grow titties
[19:28:27]  theyarejo: So now I can!
[19:29:01]  theyarejo: It was made for menopausal women who are susceptible to breast cancer but now it’s used for AMAB folks who are trans too
[19:29:04]  theyarejo: Awww you’re so sweet
[19:29:07]  killasue: thats amazing, congratulations! a little backyard can add soe much to to quality of life
[19:29:11]  theyarejo: And yes I think it has been or at least close
[19:29:21]  theyarejo: @killasue agreed!
[19:29:49]  theyarejo: Yeahhhh things are a lot better now :)
[19:29:55]  theyarejo: My sister came out as a woman too last month
[19:30:02]  theyarejo: And my little brother just got married this month
[19:30:24]  theyarejo: If you ever find yourself in NYC and need a guest room to stay in hit me up =P
[19:30:50]  killasue: this turn Id have turbod reinforced
[19:31:51]  killasue: I just wouldnt touch the discard with reboot or deep breath, saving pot for later turn is also fine
[19:32:35]  theyarejo: Haha go for it. That’s what’s so nice about this new apartment. People can visit me and not have to pay for a hotwl
[19:32:54]  theyarejo: I mean I actually will have TWO guest rooms but one will mostly be my office
[19:33:03]  killasue: Oh wow you got the nice apartment in NYC on top? jackpot
[19:33:21]  theyarejo: Yeah I’m so hyped @killasue same price as I used to pay for a 1BR but it’s like 1500 square feet
[19:34:09]  theyarejo: I feel like I very consistently get to the heart on defect and then die when the heart has like 100hp left
[19:34:10]  killasue: that's so nice :)
[19:34:39]  theyarejo: How do you have all that dexterity?
[19:34:40]  killasue: stack is going to block for a single turn on its own
[19:36:03]  theyarejo: Ahhh
[19:36:06]  killasue: this deck has all the cards
[19:37:02]  theyarejo: If only you had good cards like claw
[19:37:38]  killasue: holo can get back stack as well if you want to save energy and block massively
[19:39:59]  killasue: you can but itd be a bit wasted on this turn no
[19:41:36]  killasue: weak into reshuffle with deep breath and secret tech feels like an amazing turn
[19:48:39]  killasue: yeah I like secret tech. and Id probably like 2 dark orbs in the rotation as well. but its also almost 3am and Im brain fried at this point lol I trust you pull through and do the right thing!
[19:54:28]  killasue: with liquid memories youll be able to setup kill with dualcast/multicast and zap next turn
[19:54:49]  killasue: you can holo this turn and liquid memories next right?
[19:56:24]  killasue: ggs nice run!
[19:56:43]  nerdbusta1: GG!
[19:58:40]  killasue: good night beardy, always nice seeing you play spire!
[20:01:31] Redbeardy_McGee is now offline.
[21:20:26] disconnected
[21:20:26] Server connection timed out, reconnecting
[21:20:28] connected
