# Start logging at 2023-07-25 08:22:00 CDT
[08:22:00] disconnected
[08:22:00] Tuesday, July 25, 2023
[08:22:00] Server connection timed out, reconnecting
[08:22:02] connected
# Start logging at 2023-07-25 10:47:07 CDT
[10:47:07] connected
[10:52:37] Redbeardy_McGee is live!
[10:53:05]  moneymoneyloot: first
[10:57:53]  firstdane: FeelsBeardMan
[11:06:20]  aalardin: Good to see you back streaming
[11:13:04]  firstdane: nope none here
[11:16:54]  aalardin: Slime boss has such a nice hat tho
[11:19:56]  aalardin: What is the best colorless card and why is it definitely discovery?
[11:20:14]  aalardin: Apo crying in the corner
[11:20:32]  firstdane: sad natty #1
[11:21:10]  aalardin: J/k it’s jack of all trades
[11:24:40]  helox79: Good evening everyone
[11:25:27]  surrealistic_ganerson: Heyo
[11:31:23]  helox79: Base strikes happy with strike dummy LUL
[11:32:13]  surrealistic_ganerson: This is quite a nice relic bar, but cards could use some help tbh
[11:32:43]  mmg1590: !pronouns
[11:32:43]  nightbot: Automatically share your pronouns as a chat badge: https://pronouns.alejo.io/ -- Don't forget the extension for Firefox ( https://pronouns.alejo.io/firefox ) or Chrome ( https://pronouns.alejo.io/chrome )!
[11:32:54]  mmg1590: Hello!
[11:42:54]  surrealistic_ganerson: @Redbeardy_McGee can you come up with a smart combination of words?
[11:44:03]  surrealistic_ganerson: Indubitably sounds more old fashioned than smart tho, doesn't it?
[11:45:16]  surrealistic_ganerson: Old fashioned isn't a bad thing in my opinion tbh
[11:58:38]  phrogamid: BIGFROG
[11:59:13]  phrogamid: i saw your title and my first thought was 'how do you draw a game of slay the spire'
[12:03:20]  phrogamid: !song
[12:03:20]  nightbot: @phrogamid -> "Andrew Combs - "Reptilia" [The Strokes Cover]" by New West Records is the current song. It was requested by Redbeardy_McGee - https://youtu.be/BlJuufKzvlY
[12:03:56]  phrogamid: it's p cool yeah
[12:04:56]  surrealistic_ganerson: Can a cover ever be better than the original?
[12:05:49]  phrogamid: sure
[12:06:34]  surrealistic_ganerson: what's bad wolkves?
[12:06:54]  phrogamid: i personally don't like it but birdy's cover of skinny love seems to be widely considered better than bon iver's original
[12:06:59]  redbeardy_mcgee: https://www.youtube.com/watch?v=9XaS93WMRQQ
[12:08:16]  surrealistic_ganerson: I guess it depends on what you consider the song, makes sense that the emotions attached to the song matter a lot
[12:15:42]  surrealistic_ganerson: @redbeardy_mcgee Listened to it, amazing song
[12:16:04]  surrealistic_ganerson: I liked the video too
[12:26:49]  moribund: FeelsBeardMan
[12:31:20]  surrealistic_ganerson: sweeping the floor with your leg
[12:33:34]  bahbkarns: b
[12:33:36]  bahbkarns: e
[12:33:39]  bahbkarns: a
[12:33:40]  bahbkarns: r
[12:33:42]  bahbkarns: d
[12:35:28] 
[12:35:35]  firstdane: surprise now youre playing BG3
[13:07:28]  theyarejo: Are ya winning
[13:13:04]  leprochauninja: are you doing another?
[13:13:27]  leprochauninja: I just got here though
[13:14:10]  leprochauninja: I understand
[13:14:12]  leprochauninja: go eat
[13:15:09]  moribund: food replacement pills when
[13:15:39]  nerdbusta1: thx beardy
[13:16:07] Redbeardy_McGee is now offline.
[19:11:27] disconnected
[19:11:27] Server connection timed out, reconnecting
[19:11:31] connected
[19:39:30] disconnected
[19:39:30] Server connection timed out, reconnecting
[19:39:32] connected
[20:34:32] disconnected
[20:34:32] Server connection timed out, reconnecting
[20:34:34] connected
