# Start logging at 2024-05-02 11:18:01 CDT
[11:18:01] Login expired for user "redbeardy_mcgee"! Try adding your account again.
[11:18:01] Login expired for user "redbeardy_mcgee"! Try adding your account again.
[11:18:13] disconnected
[11:18:15] Login expired for user "redbeardy_mcgee"! Try adding your account again.
[11:18:15] Login expired for user "redbeardy_mcgee"! Try adding your account again.
[11:18:27] disconnected
[11:18:29] Login expired for user "redbeardy_mcgee"! Try adding your account again.
[11:18:29] Login expired for user "redbeardy_mcgee"! Try adding your account again.
[11:18:41] disconnected
[11:18:46] Login expired for user "redbeardy_mcgee"! Try adding your account again.
[11:18:46] Login expired for user "redbeardy_mcgee"! Try adding your account again.
[11:18:58] disconnected
[11:19:06] Login expired for user "redbeardy_mcgee"! Try adding your account again.
[11:19:06] Login expired for user "redbeardy_mcgee"! Try adding your account again.
[11:19:18] disconnected
[11:19:34] Login expired for user "redbeardy_mcgee"! Try adding your account again.
[11:19:34] Login expired for user "redbeardy_mcgee"! Try adding your account again.
[11:19:46] disconnected
[11:20:02] Login expired for user "redbeardy_mcgee"! Try adding your account again.
[11:20:02] Login expired for user "redbeardy_mcgee"! Try adding your account again.
[11:20:14] disconnected
[11:20:30] Login expired for user "redbeardy_mcgee"! Try adding your account again.
[11:20:30] Login expired for user "redbeardy_mcgee"! Try adding your account again.
[11:20:42] disconnected
[11:20:58] Login expired for user "redbeardy_mcgee"! Try adding your account again.
[11:20:58] Login expired for user "redbeardy_mcgee"! Try adding your account again.
[11:21:10] disconnected
[11:21:26] Login expired for user "redbeardy_mcgee"! Try adding your account again.
[11:21:26] Login expired for user "redbeardy_mcgee"! Try adding your account again.
[11:21:38] disconnected
[11:21:54] Login expired for user "redbeardy_mcgee"! Try adding your account again.
[11:21:54] Login expired for user "redbeardy_mcgee"! Try adding your account again.
[11:22:06] disconnected
[11:22:22] Login expired for user "redbeardy_mcgee"! Try adding your account again.
[11:22:22] Login expired for user "redbeardy_mcgee"! Try adding your account again.
[11:22:34] disconnected
[11:22:50] Login expired for user "redbeardy_mcgee"! Try adding your account again.
[11:22:50] Login expired for user "redbeardy_mcgee"! Try adding your account again.
[11:23:02] disconnected
[11:23:18] Login expired for user "redbeardy_mcgee"! Try adding your account again.
[11:23:18] Login expired for user "redbeardy_mcgee"! Try adding your account again.
[11:23:30] disconnected
[11:23:46] Login expired for user "redbeardy_mcgee"! Try adding your account again.
[11:23:46] Login expired for user "redbeardy_mcgee"! Try adding your account again.
[11:23:58] disconnected
[11:24:14] Login expired for user "redbeardy_mcgee"! Try adding your account again.
[11:24:14] Login expired for user "redbeardy_mcgee"! Try adding your account again.
[11:24:26] disconnected
[11:24:42] Login expired for user "redbeardy_mcgee"! Try adding your account again.
[11:24:42] Login expired for user "redbeardy_mcgee"! Try adding your account again.
[11:24:54] disconnected
[11:25:10] Login expired for user "redbeardy_mcgee"! Try adding your account again.
[11:25:10] Login expired for user "redbeardy_mcgee"! Try adding your account again.
[11:25:22] disconnected
[11:25:38] Login expired for user "redbeardy_mcgee"! Try adding your account again.
[11:25:38] Login expired for user "redbeardy_mcgee"! Try adding your account again.
[11:25:50] disconnected
[11:26:06] Login expired for user "redbeardy_mcgee"! Try adding your account again.
[11:26:06] Login expired for user "redbeardy_mcgee"! Try adding your account again.
[11:26:18] disconnected
[11:26:34] Login expired for user "redbeardy_mcgee"! Try adding your account again.
[11:26:34] Login expired for user "redbeardy_mcgee"! Try adding your account again.
[11:26:46] disconnected
[11:27:02] Login expired for user "redbeardy_mcgee"! Try adding your account again.
[11:27:02] Login expired for user "redbeardy_mcgee"! Try adding your account again.
[11:27:14] disconnected
[11:27:30] Login expired for user "redbeardy_mcgee"! Try adding your account again.
[11:27:30] Login expired for user "redbeardy_mcgee"! Try adding your account again.
[11:27:42] disconnected
[11:27:58] Login expired for user "redbeardy_mcgee"! Try adding your account again.
[11:27:58] Login expired for user "redbeardy_mcgee"! Try adding your account again.
[11:28:10] disconnected
[11:28:26] Login expired for user "redbeardy_mcgee"! Try adding your account again.
[11:28:26] Login expired for user "redbeardy_mcgee"! Try adding your account again.
# Start logging at 2024-05-02 11:28:48 CDT
[11:28:48] Login expired for user "redbeardy_mcgee"! Try adding your account again.
[11:28:48] Login expired for user "redbeardy_mcgee"! Try adding your account again.
[11:29:00] disconnected
[11:29:02] Login expired for user "redbeardy_mcgee"! Try adding your account again.
[11:29:02] Login expired for user "redbeardy_mcgee"! Try adding your account again.
[11:29:14] disconnected
[11:29:16] Login expired for user "redbeardy_mcgee"! Try adding your account again.
[11:29:16] Login expired for user "redbeardy_mcgee"! Try adding your account again.
[11:29:28] disconnected
[11:29:33] Login expired for user "redbeardy_mcgee"! Try adding your account again.
[11:29:33] Login expired for user "redbeardy_mcgee"! Try adding your account again.
[11:29:45] disconnected
[11:29:53] Login expired for user "redbeardy_mcgee"! Try adding your account again.
[11:29:53] Login expired for user "redbeardy_mcgee"! Try adding your account again.
[11:30:01] disconnected
[11:30:02] joined channel
[11:30:02] Failed to load channel badges - Invalid OAuth token
[11:30:34] disconnected
[11:30:35] joined channel
# Start logging at 2024-05-02 11:33:30 CDT
[11:33:30] connected
[11:33:31] joined channel
# Start logging at 2024-05-02 11:37:07 CDT
[11:37:07] connected
[11:37:08] joined channel
