# Start logging at 2023-07-31 08:03:46 CDT
[08:03:46] Redbeardy_McGee is live!
[08:03:46] Monday, July 31, 2023
[08:04:24]  moribund: FeelsBeardMan
[08:35:02]  its_goddy: morning
[08:57:36]  nerdbusta1: What’s up beardy?
[08:58:21]  nerdbusta1: Robot CaitlynS
[08:58:49]  nerdbusta1: I’m hoping to pick something up here. My new thing is play a character until I win hen rotate
[08:59:07]  nerdbusta1: I’m on the robot merl61BiasedCogamid
[09:00:48]  zyzzyvivification: Don't die!
[09:07:35]  drunkendonky: Waste fire pot for dagger?
[09:08:03]  dr0gulus: waste strength pot for dagger
[09:08:23]  loganthebard: I’d want the fire pot for slavers more than str pot
[09:08:28]  drunkendonky: Idk I just always force infinites on watcher LUL
[09:11:21]  dr0gulus: seek first so you don't accidentally draw into your best card
[09:11:26]  dr0gulus: that would be bad
[09:13:14]  dr0gulus: punished
[09:15:54]  its_goddy: the more i play/watch, the more i'm convinced that the defect has to count the dead hands more than every other character
[09:15:59]  dr0gulus: softlocked
[09:16:03]  enkidu2: coolheaded + fission is draw 2 for 0?
[09:16:37]  its_goddy: i meme in xecnar's chat "just let defect see turn 3" so much because defect has so little mitigation to dead hands
[09:18:17]  its_goddy: feels like coolheaded, there may be an argument for sweep instead and save fission for a holo later
[09:19:57]  its_goddy: need to kill a slaver next turn
[09:20:00]  its_goddy: good luck :)
[09:20:31]  dr0gulus: my first thought is just streamline defend and glug a focus pot
[09:22:26]  its_goddy: yeah drog sounds right, opens holo->streamline for kill
[09:23:34]  its_goddy: do you see getting out if you don't kill a slaver turn 2 i think is the valid question
[09:28:14]  truesque: kil
[09:28:17]  truesque: gl beardy
[09:28:57]  dr0gulus: gl trusq
[09:29:06]  truesque: hellof5Crown
[09:29:06]  truesque: ty
[09:29:19]  dr0gulus: this seems pretty good
[09:29:31]  truesque: :D
[09:29:37]  truesque: I could never lose on the red guy
[09:29:50]  truesque: I have played 10 red guy runs in 18 months
[09:29:52]  truesque: that is surely enough
[09:30:01]  its_goddy: is trusque one syllable or two?
[09:30:07]  zyzzyvivification: Do it.
[09:30:14]  nerdbusta1: red guy is my favorite to play
[09:30:19]  nerdbusta1: Feel no brain
[09:30:33]  truesque: troosk
[09:30:38]  truesque: is a good word c:
[09:30:38]  its_goddy: i say true-esque in my head.
[09:30:42]  its_goddy: ok now corrected
[09:30:53]  dr0gulus: the way to pronounce it is how you pronounce it
[09:30:57]  truesque: yes :D
[09:31:00]  truesque: and I am happy about it
[09:31:00]  zyzzyvivification: PridePog
[09:31:26]  captainfalcum: trues q
[09:31:39]  truesque: someone said troosk
[09:31:40]  truesque: and I thought oh
[09:31:42]  truesque: that is so much better
[09:31:43]  truesque: thank you
[09:31:44]  dr0gulus: monkaS
[09:32:18]  truesque: hellof5Crown
[09:32:31]  captainfalcum: troosk is tissue pog champion
[09:33:02]  enkidu2: baalorClaw
[09:34:25]  truesque: silent stole all the skims and dressed them up as acros
[09:34:32]  truesque: in my last run
[09:34:41]  truesque: with 3 back to back natty acro+
[09:34:43]  dr0gulus: crazy how skim is worse than acro
[09:35:03]  dr0gulus: strictly
[09:35:31]  truesque: having the extra card in hand on the character with the gain 10 energy cards can be helpful
[09:35:57]  dr0gulus: holo snap?
[09:36:15]  dr0gulus: frozen core sucks
[09:36:35]  truesque: if we had cracked core the lightning could hit us for the puzzle
[09:37:11]  nerdbusta1: kil fat
[09:37:19]  dr0gulus: lightning should always hit the tallest enemy
[09:37:20]  dr0gulus: imo
[09:37:34]  truesque: holy
[09:37:42]  truesque: preserved insect would suck
[09:39:37]  zyzzyvivification: No, lightning needs to always hit a different enemy, because lightning never strikes the same place twice.
[09:39:49]  zyzzyvivification: Once you run out of enemies to hit you're done with lightning orbs.
[09:40:18]  zyzzyvivification: It's simple! Lightning doesn't care about humanity's dumb rules.
[09:40:18]  truesque: the lightning rules in spire are actually an easter egg no one has fully figured out
[09:40:18]  dr0gulus: thunderclap should be unplayable unless you evoked a lightning orb that turn
[09:40:20]  truesque: it's not really random
[09:40:28]  captainfalcum: !sr cardigans love fool audio
[09:40:28]  nightbot: @CaptainFalcum -> "Lovefool" by The Cardigans - Topic has been added to the queue in position #1
[09:40:37]  captainfalcum: !sr kiss me sixpence audio
[09:40:38]  nightbot: @CaptainFalcum -> "Kiss Me" by Sixpence None the Richer - Topic has been added to the queue in position #2
[09:41:42]  captainfalcum: moneym59JACKIE
[09:44:54]  captainfalcum: moneym59JAM
[09:48:03]  truesque: why did you not see runic capacitor in this shop
[09:49:20]  dr0gulus: scrape HOLY
[09:49:36]  truesque: if only scrape discarded the 0 cost cards so it'd work better with AFO
[09:51:03]  captainfalcum: shutup and cook @dr0gulus
[09:51:13]  captainfalcum: 👨‍🍳
[09:51:17]  truesque: yeah it is the same reason I don't like reboot
[09:51:28]  truesque: I don't want to bottom deck my echo form twice in the heart
[09:52:08]  truesque: I like it in hallways and it's good in act 4 t1 t2 often
[09:52:19]  truesque: but if it's deep it just shouldn't be played which feels bad
[09:52:21]  truesque: even if it's probably fine
[09:53:00]  truesque: scrape has the same downsides and much fewer of the upsides
[09:54:02]  sycocell: good morning beardy
[09:54:24]  stupidketchup: howdy! glgl stupid143Pride
[09:54:26]  sycocell: how's the roboting going
[09:54:54]  captainfalcum: catsup
[09:55:01]  stupidketchup: im good. yup. heart just kicked my butt and now im at gym
[09:55:20]  sycocell: not another 11 hour combat defect run NotLikeThis it's too soon!
[09:55:24]  muirthemne: brioBounce
[09:55:36]  truesque: DinoDance
[09:55:53]  muirthemne: DinoDance
[09:55:58]  sycocell: hey @truesque !
[09:56:07]  truesque: heyo! hellof5Flower
[09:56:55]  muirthemne: brioBounce DinoDance brioBounce
[09:57:15]  dr0gulus: dr0gulFruitRave
[09:57:20]  truesque: dr0gulFruitRave
[09:57:25]  muirthemne: dr0gulFruitRave
[09:57:42]  muirthemne: drog keep changing ur colors
[09:57:44]  muirthemne: i think
[09:57:51]  stupidketchup: bearpe1HypePear
[09:58:04]  muirthemne: whoa fruitrave emote
[09:58:07]  truesque: holy
[09:58:26]  dr0gulus: holly
[09:58:43]  dr0gulus: buddy holy
[09:59:21]  muirthemne: 🦗
[10:03:56]  stupidketchup: nice
[10:04:16]  captainfalcum: can someone link drog fruit rave for me
[10:04:36]  captainfalcum: por favor
[10:04:40]  dr0gulus: monkaS
[10:04:44]  captainfalcum: captain de cum
[10:04:48]  muirthemne: monkaS
[10:07:15]  dr0gulus: @CaptainFalcum https://www.twitch.tv/videos/1882694558?t=2h4m50s
[10:08:13]  sycocell: ^ this is content
[10:08:26]  muirthemne: sy1vieWOW
[10:08:31]  muirthemne: brioBounce DinoDance brioBounce
[10:09:48]  captainfalcum: is there an actual emote or was that a MEME. I'm on mobile :(
[10:09:54]  captainfalcum: dr0gulFruitRave  (?)
[10:10:18]  dr0gulus: its a fucking meme
[10:10:20]  dr0gulus: you got got
[10:10:34]  captainfalcum: no cum for you
[10:10:38]  muirthemne: PrideLaugh
[10:10:44]  stupidketchup: tragic
[10:11:31]  captainfalcum: dr0g epic memed me and now me life's in dark shambles
[10:11:59]  muirthemne: cakeumNOOO
[10:14:49]  muirthemne: (Audio for portions of this video has been muted as it appears to contain copyrighted content owned or controlled by a third party.)
[10:15:10]  dr0gulus: third party???
[10:15:16]  dr0gulus: i wasn't even invited to the first two
[10:15:18]  dr0gulus: Sadge
[10:15:26]  captainfalcum: I heard it on my phone
[10:15:32]  captainfalcum: 🤔
[10:15:46]  muirthemne: lol it just shows up as a warning for me on desktop but the music still there
[10:15:57]  dr0gulus: its other parts of the vod
[10:16:00]  dr0gulus: song requests during spire
[10:16:10]  muirthemne: monkaS
[10:16:26]  muirthemne: dr0gulDMCA
[10:16:32]  captainfalcum: HahaThink
[10:16:39]  dr0gulus: good thing i turned off the thing that separates music in the vods
[10:16:46]  dr0gulus: otherwise i would have been bouncing around in silence like a moron
[10:17:10]  muirthemne: I muted the video to make it look like you are :)
[10:17:30]  dr0gulus: but then you miss me breathing loudly into the mic
[10:17:42]  muirthemne: cakeumNOOO
[10:17:59]  muirthemne: (I turn my head away from the mic to breath)
[10:21:47]  truesque: me
[10:22:05]  truesque: ah
[10:22:12]  truesque: my chat was being weird :D
[10:23:06]  truesque: @dr0gulus will you tell dr1g that you were an actor in the fruit rave videos
[10:23:15]  truesque: and show him that vod as evidence when he is a toddler
[10:23:23]  arkthepieking: Mornin'! How's runs going?
[10:23:56]  dr0gulus: yes
[10:24:16]  dr0gulus: gaslighting your kids is essential to being a good parent
[10:24:29]  truesque: is that what they taught you
[10:24:34]  dr0gulus: yes :D
[10:24:36]  stupidketchup: @dr0gulus oof. relatable
[10:24:36]  truesque: when are you doing the comprehensive parenting lessons stream
[10:24:50]  dr0gulus: Soon
[10:24:53]  truesque: Soon
[10:25:09]  stupidketchup: frozen core is so fun
[10:25:09]  arkthepieking: Aww I'll try to shift some of my good luck to you. Did a boss swap on Defect just now and the game saw fit to give me 2 hyper beams, equilibrium, and a genetic algorithm, the run basically won itself lmao
[10:27:09]  arkthepieking: @stupidketchup Yeah Frozen is dope
[10:27:11]  muirthemne: monkaS
[10:28:41]  arkthepieking: Reboot is my favorite underrated card that's still actually kind of bad
[10:29:06]  stupidketchup: ooo modest mouse popcor41Jammin
[10:29:17]  muirthemne: brioRave
[10:29:20]  arkthepieking: Like it's not GOOD but it's not one of the worst cards ever like people say
[10:29:36]  truesque: do people say it's that bad?
[10:29:54]  truesque: I feel like people say oh my god it draws 6
[10:30:05]  arkthepieking: Whenever i see it come up in conversation it's always disappointment
[10:30:08]  truesque: I've never seen someone skip a reboot over nothing
[10:30:20]  stupidketchup: i like reboot but other defect rares are so much more pog
[10:30:31]  arkthepieking: Reboot feels like an uncommon, not a rare. It's not game defining
[10:30:52]  stupidketchup: i love reboot with pyramid
[10:31:46]  arkthepieking: @stupidketchup Reboot with pyramid does sound good actually
[10:32:15]  sycocell: for me, every time i see reboot i just think "you're taking the place of a better card and i'm mad at you about it"
[10:32:19]  truesque: pyramid can exaggerate the bad thing about reboot sometimes
[10:33:25]  stupidketchup: i once had an oddball deck with abacus / 2 reboots / 2 deep breaths. that was fun
[10:33:25]  sycocell: i also haven't had too many "reboot helps me here" moments. it's not that i don't take it, but i favor a whole lot of cards ahead of it
[10:33:32]  sycocell: including non-rare cards
[10:33:36]  truesque: I mean I just click reboot because having an anti-brick card is just good
[10:34:00]  truesque: and the thing is that most of the time if I draw reboot and don't want to play it, the hand is probably good enough anyway and it doesn't matter that I don't play it
[10:34:11]  truesque: except in the specific case of wanting to not bottom deck something in particular fights
[10:34:37]  sycocell: @truesque does it frustrate you in that hand because it could've drawn something more useful for that hand? or is it usually you're using all the energy anyway so the extra card draw wouldn't have done anything?
[10:35:15]  truesque: If the hand is good enough that I don't need to reboot I actually don't mind that the reboot is there
[10:35:21]  truesque: but if the hand isn't good enough I am happy the reboot is there
[10:35:21]  sycocell: gotcha
[10:35:26]  truesque: so it's not actually bad usually
[10:35:27]  sycocell: makes sense
[10:35:34]  sycocell: ty for explaining <3
[10:36:11]  truesque: I am not a pro defecter
[10:36:20]  truesque: but that's my impression c:
[10:36:25]  muirthemne: DinoDance
[10:36:45]  truesque: catJAM
[10:37:58]  sycocell: oh yeah you vouched for deep breath and that thing was GAMING
[10:38:12]  arkthepieking: It's always wonderful when a subpar card gets to shine
[10:39:05]  arkthepieking: Had an Ironclad run with two Juggernauts, a rage, and two iron waves. It was sooooo satisfying
[10:39:13]  sycocell: repros yeah
[10:40:39]  arkthepieking: I would support reboot
[10:40:49]  truesque: There was a fun robot a week ish ago where I needed to take an early melter
[10:40:51]  truesque: and it gamed out of its mind
[10:42:41]  truesque: holy inserter frozen core
[10:42:48]  truesque: hellof5Giggle
[10:43:19]  sycocell: what was frozen core up against?
[10:43:23]  truesque: energy is gamer too
[10:43:43]  muirthemne: insterter flushedW
[10:44:38]  muirthemne: just turbo FrankerCool
[10:44:43]  truesque: simply find aggregate+ and turbo+
[10:45:10]  truesque: I was not here on the frozen core pick
[10:45:18]  truesque: holy
[10:45:20]  stupidketchup: lol
[10:46:24]  truesque: inserter is literally free energy with fission
[10:46:52]  arkthepieking: Oh god inserter
[10:46:54]  truesque: I'm an inserter fan
[10:47:00]  arkthepieking: I will black out and click that relic, I'm so stupid for it
[10:47:01]  truesque: also never upgrading that defrag is sad
[10:47:42]  stupidketchup: i think they can both be good. depends on what cards you find next act
[10:48:09]  truesque: With the sustain pretty sure you can get through act 3 pretty easily on the inserter
[10:48:18]  truesque: It's just about whether you can be fast enough in like spire elites
[10:49:32]  truesque: if you find 3 more skims maybe
[10:49:34]  truesque: :D
[10:52:10]  stupidketchup: ritual dagger might makes things less rough
[10:53:12]  truesque: some draw upgrades feel like they'd probably be pretty sick too here
[10:53:42]  truesque: I want defrag overclock coolheaded hologram turbo upgraded now
[10:54:15]  truesque: and I want dagger upgraded 10 floors ago
[10:55:06]  stupidketchup: i rarely upgrade the dagger. it's hard to be that on top of upgrades
[10:55:22]  truesque: often I just upgrade it over pretty much anything
[10:56:07]  icycurves6_9: defect is a bad class
[10:56:34]  truesque: upgrade potion act 4 solution is right here
[10:56:58]  muirthemne: masterrLove
[10:58:30]  moribund: moneyJAM
[10:59:51]  truesque: Loop is free orb generation and slot holy
[11:00:19]  stupidketchup: i like it too. helps with beat of death
[11:00:29]  truesque: free orb slot and generation archetype
[11:01:22]  stupidketchup: meanie shapes
[11:01:34]  icycurves6_9: the music is vibing
[11:01:49]  truesque: I think I'm just most worried about spire elites and first cycle heart
[11:01:54]  truesque: somehow I'm worried about act 4 on the defect
[11:02:11]  sycocell: fission into fission pog
[11:02:17]  truesque: infinite
[11:03:27]  truesque: who is first this act?
[11:03:51]  icycurves6_9: time eater is easy
[11:04:11]  truesque: I think time eater and awakened one are already dead
[11:04:20]  truesque: unless you get completely owned in 2 turns by time eater
[11:04:22]  truesque: which seems unlikely
[11:07:03]  bunhara: dane enahgee
[11:07:19]  truesque: I'm a charge battery lover which is why I die too much
[11:07:37]  truesque: I don't want it here
[11:08:05]  truesque: I would not click it from this position
[11:08:07]  stupidketchup: yeah i like the 2 max hp for act 4
[11:08:43]  truesque: Pretty much if something doesn't help in turns 1-3 of spire elites or heart it doesn't feel like a good add right now is my heuristic
[11:09:12]  truesque: spire growth monkaS
[11:09:13]  truesque: the true act boss
[11:11:30]  hubba_the_bubba: How are u finding the F core?
[11:12:26]  hubba_the_bubba: Gues it get better with inserter
[11:15:27]  hubba_the_bubba: Pro gaming
[11:15:30]  moribund: meme
[11:15:32]  moribund: take the meme
[11:24:07]  theyarejo: Pics or it didn’t happeb
[11:24:18]  duncanarchib: a snacky sort of snack to snack on
[11:24:26]  theyarejo: =P
[11:25:12]  theyarejo: Yum
[11:25:13]  duncanarchib: i gotta go pick some berries they're ripe out here
[11:25:26]  tubbiekim: Yes
[11:25:28]  theyarejo: Do it
[11:25:34]  zyzzyvivification: You should actually add some vinegar.
[11:25:59]  muirthemne: zyzz gefafaWow
[11:26:12]  zyzzyvivification: PridePog
[11:26:27]  zyzzyvivification: I have never memed in my life.
[11:26:33]  muirthemne: brioPrayge
[11:26:41]  zyzzyvivification: There's only one way to find out.
[11:30:22]  nerdbusta1: green
[11:30:25]  duncanarchib: we have amid at home
[11:34:18]  muirthemne: moneyJAM
[11:35:48]  muirthemne: masterrLove maybe the real sidequest was the friends we made along the way
[11:35:57]  nerdbusta1: block scaling PogBones
[11:42:18]  bunhara: what the HELL am i doing here
[11:42:41]  bunhara: no, but im quoting the song
[11:42:51]  bunhara: but you can answer where the hell i am
[11:42:54]  bunhara: thatd be helpful
[11:43:21]  muirthemne: masterrLove bun
[11:43:33]  bunhara: flusgW
[11:43:40]  bunhara: hi muir
[11:43:48]  muirthemne: redbea13Bouldy hi
[11:44:16]  bunhara: dagger is lerhal, but it doesn't stack on minions anyway so its okay
[11:49:19]  duncanarchib: dagnabbit dagger
[11:53:18]  captainnoobzor: bird man stream
[11:53:41]  sycocell: the captain o7
[11:53:46]  captainnoobzor: hello syco
[11:55:19]  sycocell: oh comeon
[11:55:28]  nerdbusta1: cringe
[11:55:39]  duncanarchib: ouch
[11:59:25]  captainnoobzor: that GA is stacked
[11:59:39]  captainnoobzor: 43 block
[11:59:42]  captainnoobzor: WIDEKREYGASM
[12:01:16]  glint0: just draw in the right order smh
[12:02:39]  glint0: do we need defrag+ for these fights
[12:02:42]  glint0: is the question
[12:04:08]  glint0: yes
[12:04:10]  glint0: if we survive we do
[12:08:31]  glint0: Nilry's go brrrrrrr
[12:20:45]  muirthemne: headBang
[12:23:15]  glint0: ads done PogChamp
[12:23:30]  muirthemne: whats an ad RonSmug
[12:29:16]  muirthemne: DinoDance
[12:32:31]  muirthemne: instead of going for the eyes
[12:32:34]  muirthemne: have you ever tried
[12:32:37]  muirthemne: going for the heart
[12:32:50]  muirthemne: masterrLove
[12:36:57]  muirthemne: eeee
[12:37:41]  bunhara: maybe we should br doing some damage so dagger is lethal when we see it while inserter is on 1?
[12:38:07]  truesque: No armaments from nilry Sadge
[12:38:27]  bunhara: we'll get apo its okay
[12:38:31]  bunhara: dagger isnt upgraded
[12:38:33]  truesque: The dagger
[12:39:11]  bunhara: magnetism CAN be generated midcombat, gamers PogChamp
[12:39:23]  truesque: @bunhara okay do it
[12:39:29]  bunhara: im shy
[12:40:04]  apneaa: i see so powerfull for you giant head
[12:40:10]  bunhara: well tbat was easy
[12:40:11]  glint0: ayyy
[12:40:11]  muirthemne: brioBlush
[12:40:14]  glint0: there's our boy
[12:40:32]  glint0: akabecho form
[12:40:37]  truesque: Giant head trying to say bye
[12:40:42]  truesque: And we just don’t let it leave
[12:40:48]  truesque: So impolite
[12:40:59]  bunhara: you couldve just double holod for equi and algo
[12:44:04]  apneaa: bless u
[12:44:07]  apneaa: oh btw beardy
[12:44:08]  bunhara: bless you
[12:44:38]  apneaa: thank you for your service
[12:44:46]  sycocell: just found out i'm behind on stream because chat said bless you then beardy sneezed
[12:44:46]  muirthemne: brioPrayge
[12:44:54]  apneaa: oh wtf
[12:44:59]  apneaa: i know this music
[12:45:03]  apneaa: i have this one
[12:45:15]  apneaa: !song
[12:45:15]  nightbot: @Apneaa -> "Chrome Sparks - Marijuana" by David Dean Burkhart is the current song. It was requested by Redbeardy_McGee - https://youtu.be/tUX4OMkSRpI
[12:45:18]  apneaa: YES
[12:45:20]  apneaa: chrome sparks
[12:45:38]  apneaa: i discovered this song like
[12:45:39]  apneaa: holy
[12:45:41]  apneaa: years ago
[12:45:42]  bunhara: !sr childrens story slick rick
[12:45:43]  nightbot: @Bunhara -> "Children's Story" by Slick Rick - Topic has been added to the queue in position #1
[12:45:44]  apneaa: actually
[12:45:46]  apneaa: so many years ago
[12:46:00]  apneaa: 11 years ago
[12:46:02]  apneaa: monka
[12:49:19]  glint0: I can't believe spire is 20 years old already
[12:49:42]  vsnipe1: Glacier , go for the eyes ?
[12:49:48]  muirthemne: retro gaming
[12:59:12]  realsteelydanvevo: what is happening? are you not allowing yourself to attack?
[12:59:20]  realsteelydanvevo: oh nvm
[12:59:38]  duncanarchib: !plan
[12:59:43]  realsteelydanvevo: got it
[12:59:51]  muirthemne: cakeumNoted
[13:03:26]  sycocell: my wife loves this song
[13:07:14]  muirthemne: ❓
[13:11:57]  muirthemne: PrideShrug
[13:13:06]  duncanarchib: these shapes comin in hot what is this?
[13:14:16]  duncanarchib: like is that the second highest turn 1 damage after triple jaw worm?
[13:18:27]  muirthemne: flushedW
[13:22:40]  leprochauninja: medkit is cool
[13:22:56]  leprochauninja: you already have the overclock
[13:36:06]  sycocell: @Redbeardy_McGee halfway to an 11 hour run Pog
[13:36:26]  sycocell: oh i was looking at stream time but close enough lol
[13:42:00]  apneaa: coach about to take a vacation to thailand monkaS and his run is at a severe chance of dying
[13:42:18]  apneaa: if he does die and take the vacation
[13:42:21]  apneaa: this streak
[13:42:26]  apneaa: might not happen this year
[13:42:46]  nerdbusta1: I haven’t seen Merl stream in a while
[13:42:56]  nerdbusta1: Did he give up on the challenge?
[13:42:58]  apneaa: merl is not feeling good on watcher for now
[13:43:00]  apneaa: he also has
[13:43:03]  apneaa: irl obligations
[13:43:05]  apneaa: now
[13:43:33]  apneaa: so we'll see if he comes back to it
[13:43:37]  apneaa: but not sure
[13:43:59]  nerdbusta1: 50-0 is quite a feat. I had some hopes, but guessing it will take a long time for someone to break that
[13:44:25]  apneaa: i said
[13:44:31]  apneaa: if coach doesn't take big breaks
[13:44:33]  apneaa: it will happen
[13:44:51]  apneaa: but as it's look it's the second almost month long break incoming
[13:45:03]  nerdbusta1: CaitlynS
[13:47:56]  apneaa: this is completly irrelevant to anything going on right now
[13:48:05]  apneaa: but i might finally get rid of my allergy problem
[13:48:13]  nerdbusta1: Kreygasm
[13:48:30]  apneaa: i
[13:48:36]  apneaa: dont know what i'll do with the name tho
[13:48:50]  apneaa: do i deserve to be named apneaa if i'm not fighting for breathing half the year
[13:48:52]  apneaa: ?
[13:49:30]  apneaa: monkaS
[13:49:44]  apneaa: what if my diving capacities will go down after being cured monkaS
[13:49:48]  apneaa: oh no monkaS
[13:49:53]  apneaa: i'm gonna loose my super power
[13:49:54]  apneaa: monkaS
[13:51:35]  apneaa: if they cant cure it
[13:51:36]  nerdbusta1: You will have a new super power
[13:51:42]  apneaa: i might have to get my nose operated
[13:51:43]  nerdbusta1: Breathing KomodoHype
[13:51:43]  apneaa: :/
[13:52:00]  apneaa: @nerdbusta1 pog
[13:52:14]  apneaa: it's all down to this blood test
[13:52:14]  nerdbusta1: Gl @apneaa GayPride
[13:52:37]  muirthemne: monkaS
[13:52:40]  apneaa: if my blood test indicate that i'm severely allergic(i might be....) then they cant do a second desensibilisation
[14:03:40]  captainfalcum: moneym59JAM
[14:12:48]  enriqueque: L00P
[14:13:19]  paparatto18: !sr time eater
[14:13:20]  nightbot: @paparatto18 -> "How to get TIME EATER SONIC (TIME EATER SPECIAL) BADGE in SONIC RP+ (BETA) - Roblox" by DigitizedPixels has been added to the queue in position #1
[14:13:40]  captainfalcum: ban papa
[14:13:53]  paparatto18: - Roblox
[14:16:52]  paparatto18: !sr watch this
[14:16:53]  nightbot: @paparatto18 -> "Lil Uzi Vert - Watch This (ARIZONATEARS Pluggnb Remix) Lyrics" by Creative Chaos has been added to the queue in position #1
[14:18:25]  sycocell: just searched "watch this" on youtube and there's a surprising number of videos about "DON'T BUY THIS WATCH" there's content for everything
[14:19:03]  captainfalcum: !sr tyler creator I think audio
[14:19:04]  nightbot: @CaptainFalcum -> "Tyler, The Creator - I THINK (feat. Solange)" by David Dean Burkhart has been added to the queue in position #1
[14:19:27]  paparatto18: !sr wayne shorter yes or no
[14:19:27]  nightbot: @paparatto18 -> "Wayne Shorter - Yes or No" by Praguedive has been added to the queue in position #2
[14:19:39]  paparatto18: !sr canteloup island herbie
[14:19:40]  nightbot: @paparatto18 -> "Herbie Hancock - Cantaloupe Island" by jazzhole13 has been added to the queue in position #3
[14:21:38]  captainfalcum: moneym59JAM
[14:22:25]  muirthemne: monkaNAVIGATE
[14:25:56]  enriqueque: CWBGH
[14:27:35]  enriqueque: I regen pot a consideration now? Isn't the biggest threat usually the setup time against Spear & Shield?
[14:28:04]  enriqueque: Oh my B, just arrived
[14:29:09]  truesque: How goes the killing
[14:30:42]  paparatto18: pyramid swap is way too op man
[14:31:10]  truesque: Will you die in act 4
[14:31:19]  captainfalcum: don't say pyr
[14:31:21]  paparatto18: ok i got bullet time im taking sneckamid
[14:31:40]  truesque: Sneckamid silent holy
[14:31:46]  paparatto18: run already had footwork and prepared+ evis+
[14:31:50]  nerdbusta1: papa do you play a lot off stream?
[14:31:57]  paparatto18: not a ton
[14:32:03]  paparatto18: i play on my off days
[14:32:16]  enriqueque: baalorClaw
[14:34:41]  truesque: Just do not die c:
[14:35:30]  captainfalcum: HahaThisisfine
[14:36:21]  enriqueque: Does this slug really think it can win here? What the heck is its gameplan?
[14:37:24]  glint0: Are we bullying tim again?
[14:38:00]  enriqueque: Do not pity this mollusk
[14:38:43]  truesque: I would win if I were the slug
[14:39:13]  enriqueque: I'm sure the slug thought that here too
[14:39:29]  glint0: Why does the larger character simply not eat the smaller one?
[14:39:51]  truesque: the true power of preserved insect
[14:40:01]  glint0: LUL
[14:41:25]  enriqueque: Vuln?
[14:41:52]  glint0: Who would win in a fight, the maw or tim?
[14:41:59]  enriqueque: Side Quest: Complete
[14:42:07]  glint0: TRUE
[14:42:16]  truesque: double maw boss
[14:42:19]  truesque: deprecated
[14:42:33]  glint0: lmao could you imagine a double maw fight
[14:42:51]  enriqueque: The Maw scales exponentially, so if The Maw has strong defensive relics, they beat everyone in the spire
[14:43:27]  truesque: supposedly the maw was reworked after the fight was deprecated so it was probably different 🙄
[14:43:40]  truesque: byron found it in ancient enemies research
[14:43:50]  glint0: I just spent 20 minutes healing from 2 to 107 after stabalizing against the awakened one with a single bite in my deck
[14:45:02]  enriqueque: Just stuffing your face with chicken tendies?
[14:45:35]  enriqueque: Little nibbles while the birb regens slowly. What a painful existence
[14:47:07]  glint0: Giant head should have the malleable ability tbh
[14:49:47]  enriqueque: Defrag goes down, strength goes up. Can't explain that
[14:50:12]  enriqueque: T O A S T E D
[14:54:56]  leprochauninja: that looked like more than a triple
[15:04:43]  helox79: Blocking seems this decks thing so I’d say Glacier?
[15:04:43]  ruah777: how is the run going/
[15:04:57]  ruah777: how do we scale block?
[15:05:13]  ruah777: loop or buffer?
[15:05:40]  ruah777: buffer i like a little for the heart
[15:07:11]  ruah777: i dont know if i fully agree but i see what you mean
[15:07:57]  ruah777: fusion upgrade?
[15:08:12]  ruah777: it does look like we are energy starved
[15:09:13]  ruah777: turbo i feel can be ok
[15:09:28]  ruah777: energy feels like a bottle neck
[15:09:51]  ruah777: well go for the eyes is only great if we get in in the first attack not the second i think but maybe im wrong
[15:10:30]  ruah777: well staling time eater im less impress with
[15:11:16]  ruah777: nice dagger
[15:11:32]  ruah777: im still feeling the turbo
[15:11:34]  ruah777: but that is me
[15:11:47]  ruah777: like we just want energy and draw i feel
[15:12:00]  ruah777: i guess
[15:12:13]  ruah777: just like does the go for the eyes play in the elite fight really well?
[15:12:28]  ruah777: like turbo+ we rather have in the elites?
[15:13:05]  ruah777: the barriage upgrade? is that trolling?
[15:13:29]  ruah777: yea but its so slow?
[15:13:33]  ruah777: maybe im wrong
[15:14:01]  ruah777: i mean damage we can at least fish with from book
[15:14:32]  ruah777: im kind of less on the loop now that i think energy is an issue
[15:14:45]  ruah777: loop+ be great but its like gravy
[15:15:06]  ruah777: maybe im being too fixed on it
[15:24:05]  ruah777: im not sure but not against the overclock
[15:24:14]  ruah777: if its just setting up faster
[15:24:15]  ruah777: it does that
[15:24:52]  ruah777: im mostly thinking turbo and buffer still
[15:26:08]  ruah777: lol if we end up with the buffer upgrade then im so confused
[15:27:23]  ruah777: buffer does feel like it helps with some really bad low rolls
[15:27:53]  ruah777: i feel turbo still just because we have draw and seek+
[15:28:04]  ruah777: turbo and seek feels like a combo for me
[15:29:46]  ruah777: well im kind of using my past knowledge too
[15:30:19]  ruah777: i think we do reinforce body over glacier
[15:30:23]  ruah777: and im not high on htat
[15:30:44]  ruah777: yea
[15:31:06]  ruah777: i feel the decks are more meh are very draw dependent
[15:31:15]  moneymoneyloot: bearding
[15:31:15]  ruah777: what makes a deck op is it just always does it game plan
[15:31:57]  captainfalcum: f money
[15:31:58]  ruah777: hey money how is life?
[15:32:05]  captainfalcum: and his emotes
[15:32:15]  moneymoneyloot: wtf
[15:32:35]  ruah777: we also have dagger to help chunk the elites
[15:32:39] 1 raiders from pk_master27 have joined!
[15:33:22]  moneymoneyloot: pk pogger
[15:33:25]  captainfalcum: moneym59JACKIE
[15:33:29]  muirthemne: moneyJAM
[15:33:33]  pk_master27: moneym59JAM moneym59JAM moneym59JAM
[15:33:50]  ruah777: i dont love go for the eyes as it feels it does very little at the start of elite fight
[15:34:39]  moneymoneyloot: TURBO
[15:36:24]  ruah777: loop is scaling
[15:36:40]  ruah777: you are selling me that scaling is not the issue
[15:37:05]  ruah777: well we love draw pot
[15:37:09]  ruah777: and turbo is good with that
[15:37:35]  ruah777: Kappa power pot in to creative ai
[15:38:28]  ruah777: i mean i feel its generally good
[15:38:38]  muirthemne: bagger TPOG
[15:38:43]  ruah777: whiff on the potions feels a bit sus
[15:38:49]  captainfalcum: always buy
[15:38:52]  ruah777: can we card bag
[15:38:55]  ruah777: to be fancy?
[15:39:07]  ruah777: aaa
[15:39:10]  ruah777: bad math
[15:39:14]  ruah777: only real pick is bag?
[15:39:30]  ruah777: can we bag holo?
[15:39:53]  ruah777: legit question
[15:39:57]  ruah777: remove str?
[15:40:04]  captainfalcum: ceramic fish
[15:40:09]  captainfalcum: modCheck
[15:41:12]  ruah777: personally bag i feel is very dominate over violence
[15:41:31]  ruah777: it draws us more cards we like and more relible
[15:41:45]  leprochauninja: take the card to improve your gold situation
[15:41:47]  ruah777: volience draws cards we just want out the deck
[15:41:49]  leprochauninja: ez
[15:41:50]  ruah777: which is ok but still
[15:42:35]  captainfalcum: 69
[15:43:51]  moneymoneyloot: beardamid saw bad pattern and just walked away
[15:44:06]  captainfalcum: peepoLeave
[15:45:44]  sparklecrotchthottie: monday thift
[15:45:47]  sparklecrotchthottie: am i right
[15:45:49]  sparklecrotchthottie: : l
[15:46:02]  moneymoneyloot: sponkle is here
[15:47:06]  sparklecrotchthottie: *facetiously spamks self *
[15:48:53]  sparklecrotchthottie: !sr https://www.youtube.com/watch?v=7dQteRVs7Dg
[15:48:53]  nightbot: @SparkleCrotchThottie -> ".diedlonely x énouement - stellar (Sped Up)" by EUPHXRIA has been added to the queue in position #1
[15:49:32]  sparklecrotchthottie: !sr https://www.youtube.com/watch?v=2aECMeYd8RM
[15:49:33]  nightbot: @SparkleCrotchThottie -> "Dreamcatcher" by VANILLA - Topic has been added to the queue in position #2
[15:49:46]  sparklecrotchthottie: i come baring calmb vibez
[15:51:14]  moneymoneyloot: snorkle
[15:51:16]  moneymoneyloot: porch
[15:51:21]  moneymoneyloot: forty
[15:51:55]  moneymoneyloot: : l
[15:52:05]  moneymoneyloot: keep clam a carry clams : l
[15:52:10]  sparklecrotchthottie: AAAAAAAAAAAAAAAAAAAAAAAAAAAAAAAAAAAA
[15:52:12]  sparklecrotchthottie: mibph
[15:52:14]  sparklecrotchthottie: : l
[15:52:23]  moneymoneyloot: mibph : l
[15:53:15]  sparklecrotchthottie: !sr https://www.youtube.com/watch?v=uZ90rjHAzAs
[15:53:16]  nightbot: @SparkleCrotchThottie -> "Vanilla - Footsteps (2015)" by PB Channel 2 has been added to the queue in position #1
[15:55:23]  moneymoneyloot: yea
[15:55:27]  sparklecrotchthottie: ya
[15:55:31]  moneymoneyloot: 3 ben
[15:55:34]  moneymoneyloot: : l
[15:55:47]  sparklecrotchthottie: god i have to unobstruct my bowls
[15:55:48]  sparklecrotchthottie: one moment
[15:55:52]  sparklecrotchthottie: *eyerolls*
[15:55:53]  muirthemne: brioWorry
[15:56:08]  killersassist: Been big lurking a while
[15:56:20]  killersassist: Are ya winning son?
[15:57:20]  moneymoneyloot: nilroids will carry it's a wrap
[15:57:22]  killersassist: does a thumbs up gesture, totally not actually understanding other than "shits hard, oh lord"
[15:57:39]  killersassist: Good luck lol
[16:07:50]  sparklecrotchthottie: !sr https://www.youtube.com/watch?v=o6y6chb0Qq8
[16:07:52]  nightbot: @SparkleCrotchThottie -> "BFG Division | Doom OST" by Bethesda Softworks Music has been added to the queue in position #1
[16:08:24]  moneymoneyloot: too early dkShame
[16:08:29]  moneymoneyloot: sparkle couldn't hold it
[16:08:40]  sparklecrotchthottie: had to bust
[16:08:54]  sparklecrotchthottie: cant blame a brother for bustin now can u money
[16:09:13]  moneymoneyloot: bustin is just another bodily function tbh
[16:09:56]  moneymoneyloot: jorbslots
[16:13:47]  moneymoneyloot: 1 energy after rebound holo
[16:14:28]  moneymoneyloot: burns
[16:14:31]  moneymoneyloot: heynow
[16:16:45]  moneymoneyloot: reb ound
[16:16:53]  moneymoneyloot: holy
[16:17:21]  moneymoneyloot: nilroids
[16:28:49]  sparklecrotchthottie: this girl sounds like mitch gordons bfg division
[16:28:54]  sparklecrotchthottie: how
[16:28:56]  sparklecrotchthottie: : l
[16:29:25]  sparklecrotchthottie: did she just say uptime
[16:29:26]  sparklecrotchthottie: : l
[16:30:29]  sparklecrotchthottie: b00k of bokk
[16:30:33]  sparklecrotchthottie: book*
[16:31:46]  sparklecrotchthottie: i wish shield debuffed energy
[16:31:49]  sparklecrotchthottie: that would be c00l
[16:32:02]  apneaa: oh god
[16:32:06]  apneaa: is this still going
[16:32:17]  apneaa: monkaS
[16:33:56]  sparklecrotchthottie: thidequetht cumb
[16:34:29]  sycocell: lmao i finished the second half of my workday, had a late meeting, drove home and rolled a joint and this dude is STILL on the run. truly will be an 11 hour run
[16:35:53]  moneymoneyloot: when I got out of bed beardy was in act 4 shop
[16:36:12]  moneymoneyloot: and I was like "i kinda have to shit but let's see how a4 elites play out"
[16:36:21]  sycocell: oh no ^
[16:36:35]  sycocell: need to watch on the toilet 4Head
[16:36:35]  moneymoneyloot: yeah
[16:36:50]  sparklecrotchthottie: shitamid
[16:37:21]  leprochauninja: killing is wrong, beardy
[16:37:42]  sparklecrotchthottie: the boot
[16:38:32]  moneymoneyloot: card draw on robot
[16:38:33]  moneymoneyloot: gogogo
[16:39:14]  moneymoneyloot: this robot is so stupid he needs an ai update to learn how to draw a card
[16:39:32]  sparklecrotchthottie: : l
[16:39:40]  sparklecrotchthottie: ahem
[16:39:47]  moneymoneyloot: picked up anchor misplay
[16:39:49]  sparklecrotchthottie: !sr https://www.youtube.com/watch?v=o6y6chb0Qq8
[16:39:49]  nightbot: @SparkleCrotchThottie -> "BFG Division | Doom OST" by Bethesda Softworks Music has been added to the queue in position #1
[16:41:49]  moribund: moneyJAM
[16:42:17]  sparklecrotchthottie: wh...
[16:42:26]  sparklecrotchthottie: what is habbening : l
[16:42:36]  sparklecrotchthottie: i feel sumbthin inside
[16:42:45]  sparklecrotchthottie: BWAAAAAAAAAAAAAAAA
[16:42:59]  moribund: NOBAYRS NOBAYRS NOBAYRS
[16:43:00]  moneymoneyloot: NOBBERS NOBBERS NOBBERS NOBBERS NOBBERS NOBBERS NOBBERS NOBBERS NOBBERS NOBBERS NOBBERS NOBBERS NOBBERS NOBBERS NOBBERS NOBBERS NOBBERS NOBBERS
[16:43:03]  moribund: NOBAYRS NOBAYRS NOBAYRS NOBAYRS
[16:43:07]  sparklecrotchthottie: NOBBERS NOBBERS NOBBERS NOBBERS NOBBERS NOBBERS NOBBERS NOBBERS NOBBERS NOBBERS NOBBERS NOBBERS NOBBERS NOBBERS NOBBERS NOBBERS NOBBERS NOBBERS NOBBERS NOBBERS NOBBERS NOBBERS NOBBERS NOBBERS NOBBERS NOBBERS NOBBERS
[16:43:08]  moribund: NOBAYRS NOBAYRS
[16:43:09]  moneymoneyloot: NOBAYRS NOBAYRS NOBAYRS NOBAYRSNOBAYRS NOBAYRS NOBAYRS NOBAYRSNOBAYRS NOBAYRS NOBAYRS NOBAYRSNOBAYRS NOBAYRS NOBAYRS NOBAYRSNOBAYRS NOBAYRS NOBAYRS NOBAYRSNOBAYRS NOBAYRS NOBAYRS NOBAYRSNOBAYRS NOBAYRS NOBAYRS NOBAYRSNOBAYRS NOBAYRS NOBAYRS NOBAYRSNOBAYRS NOBAYRS NOBAYRS NOBAYRSNOBAYRS NOBAYRS NOBAYRS NOBAYRSNOBAYRS NOBAYRS NOBAYRS NOBAYRSNOBAYRS NOBAYRS NOBAYRS NOBAYRSNOBAYRS NOBAYRS NOBAYRS NOBAYRSNOBAYRS NOBAYRS NOBAYRS NOBAYRSNOBAYRS NOBAYRS NOBAYRS NOBAYRSNOBAYRS NOBAYRS NOBAYRS NOBAYRS
[16:43:09]  apneaa: NOBAYRS NOBAYRS NOBAYRS NOBAYRS NOBAYRS NOBAYRS NOBAYRS NOBAYRS NOBAYRS NOBAYRS NOBAYRS NOBAYRS NOBAYRS NOBAYRS NOBAYRS NOBAYRS NOBAYRS NOBAYRS NOBAYRS NOBAYRS
[16:43:09]  moribund: NOBAYRS NOBAYRS NOBAYRS NOBAYRS NOBAYRS
[16:43:09]  sparklecrotchthottie: NOBBERS NOBBERS NOBBERS NOBBERS NOBBERS NOBBERS NOBBERS NOBBERS NOBBERS NOBBERS NOBBERS NOBBERS NOBBERS NOBBERS NOBBERS NOBBERS NOBBERS NOBBERS NOBBERS NOBBERS NOBBERS NOBBERS NOBBERS NOBBERS NOBBERS NOBBERS NOBBERS NOBBERS NOBBERS NOBBERS NOBBERS NOBBERS NOBBERS NOBBERS NOBBERS NOBBERS NOBBERS NOBBERS NOBBERS
[16:43:10]  apneaa: NOBAYRS NOBAYRS NOBAYRS NOBAYRS NOBAYRS NOBAYRS NOBAYRS NOBAYRS NOBAYRS NOBAYRS NOBAYRS NOBAYRS NOBAYRS NOBAYRS NOBAYRS NOBAYRS NOBAYRS NOBAYRS NOBAYRS NOBAYRS NOBAYRS NOBAYRS NOBAYRS NOBAYRS
[16:43:10]  moribund: NOBAYRS NOBAYRS NOBAYRS NOBAYRS NOBAYRS NOBAYRS
[16:43:11]  sparklecrotchthottie: NOBBERS NOBBERS NOBBERS NOBBERS NOBBERS NOBBERS NOBBERS NOBBERS NOBBERS NOBBERS NOBBERS NOBBERS NOBBERS NOBBERS NOBBERS NOBBERS NOBBERS NOBBERS NOBBERS NOBBERS NOBBERS NOBBERS
[16:43:11]  moribund: NOBAYRS NOBAYRS NOBAYRS NOBAYRS
[16:43:11]  apneaa: NOBAYRS NOBAYRS NOBAYRS NOBAYRS NOBAYRS NOBAYRS NOBAYRS NOBAYRS NOBAYRS NOBAYRS NOBAYRS NOBAYRS NOBAYRS NOBAYRS NOBAYRS NOBAYRS NOBAYRS NOBAYRS NOBAYRS NOBAYRS NOBAYRS NOBAYRS NOBAYRS NOBAYRS NOBAYRS NOBAYRS NOBAYRS NOBAYRS
[16:43:12]  moneymoneyloot: NOBAYRS NOBAYRS NOBAYRS NOBAYRSNOBAYRS NOBAYRS NOBAYRS NOBAYRSNOBAYRS NOBAYRS NOBAYRS NOBAYRSNOBAYRS NOBAYRS NOBAYRS NOBAYRSNOBAYRS NOBAYRS NOBAYRS NOBAYRSNOBAYRS NOBAYRS NOBAYRS NOBAYRSNOBAYRS NOBAYRS NOBAYRS NOBAYRSNOBAYRS NOBAYRS NOBAYRS NOBAYRSNOBAYRS NOBAYRS NOBAYRS NOBAYRSNOBAYRS NOBAYRS NOBAYRS NOBAYRSNOBAYRS NOBAYRS NOBAYRS NOBAYRSNOBAYRS NOBAYRS NOBAYRS NOBAYRSNOBAYRS NOBAYRS NOBAYRS NOBAYRSNOBAYRS NOBAYRS NOBAYRS NOBAYRSNOBAYRS NOBAYRS NOBAYRS NOBAYRS
[16:43:12]  moribund: NOBAYRS NOBAYRS
[16:43:12]  apneaa: NOBAYRS NOBAYRS NOBAYRS NOBAYRS NOBAYRS NOBAYRS NOBAYRS NOBAYRS NOBAYRS NOBAYRS NOBAYRS NOBAYRS NOBAYRS NOBAYRS NOBAYRS NOBAYRS NOBAYRS NOBAYRS NOBAYRS NOBAYRS NOBAYRS NOBAYRS NOBAYRS NOBAYRS NOBAYRS NOBAYRS NOBAYRS NOBAYRS NOBAYRS NOBAYRS NOBAYRS NOBAYRS
[16:43:13]  moribund: NOBAYRS NOBAYRS NOBAYRS NOBAYRS NOBAYRS
[16:43:13]  moneymoneyloot: NOBAYRS NOBAYRS NOBAYRS NOBAYRSNOBAYRS NOBAYRS NOBAYRS NOBAYRSNOBAYRS NOBAYRS NOBAYRS NOBAYRSNOBAYRS NOBAYRS NOBAYRS NOBAYRSNOBAYRS NOBAYRS NOBAYRS NOBAYRSNOBAYRS NOBAYRS NOBAYRS NOBAYRSNOBAYRS NOBAYRS NOBAYRS NOBAYRSNOBAYRS NOBAYRS NOBAYRS NOBAYRSNOBAYRS NOBAYRS NOBAYRS NOBAYRSNOBAYRS NOBAYRS NOBAYRS NOBAYRSNOBAYRS NOBAYRS NOBAYRS NOBAYRS
[16:43:13]  sparklecrotchthottie: NOBBERS NOBBERS NOBBERS NOBBERS NOBBERS NOBBERS NOBBERS NOBBERS NOBBERS NOBBERS NOBBERS NOBBERS NOBBERS NOBBERS NOBBERS NOBBERS NOBBERS NOBBERS NOBBERS NOBBERS NOBBERS NOBBERS NOBBERS NOBBERS NOBBERS NOBBERS NOBBERS NOBBERS NOBBERS NOBBERS NOBBERS NOBBERS
[16:43:13]  moribund: NOBAYRS NOBAYRS
[16:43:14]  apneaa: NOBAYRS NOBAYRS NOBAYRS NOBAYRS NOBAYRS NOBAYRS NOBAYRS NOBAYRS NOBAYRS NOBAYRS NOBAYRS NOBAYRS NOBAYRS NOBAYRS NOBAYRS NOBAYRS NOBAYRS NOBAYRS NOBAYRS NOBAYRS NOBAYRS NOBAYRS NOBAYRS NOBAYRS NOBAYRS NOBAYRS NOBAYRS NOBAYRS NOBAYRS NOBAYRS NOBAYRS NOBAYRS NOBAYRS NOBAYRS NOBAYRS NOBAYRS
[16:43:15]  moribund: NOBAYRS NOBAYRS NOBAYRS NOBAYRS NOBAYRS NOBAYRS
[16:43:15]  apneaa: NOBAYRS NOBAYRS NOBAYRS NOBAYRS NOBAYRS NOBAYRS NOBAYRS NOBAYRS NOBAYRS NOBAYRS NOBAYRS NOBAYRS NOBAYRS NOBAYRS NOBAYRS NOBAYRS NOBAYRS NOBAYRS NOBAYRS NOBAYRS NOBAYRS NOBAYRS NOBAYRS NOBAYRS NOBAYRS NOBAYRS NOBAYRS NOBAYRS
[16:43:15]  sparklecrotchthottie: NOBBERS NOBBERS NOBBERS NOBBERS NOBBERS NOBBERS NOBBERS NOBBERS NOBBERS NOBBERS NOBBERS NOBBERS NOBBERS NOBBERS
[16:43:15]  moribund: NOBAYRS NOBAYRS
[16:43:16]  moribund: NOBAYRS NOBAYRS
[16:43:16]  apneaa: NOBAYRS NOBAYRS NOBAYRS NOBAYRS NOBAYRS NOBAYRS NOBAYRS NOBAYRS NOBAYRS NOBAYRS NOBAYRS NOBAYRS NOBAYRS NOBAYRS NOBAYRS NOBAYRS NOBAYRS NOBAYRS NOBAYRS NOBAYRS NOBAYRS NOBAYRS NOBAYRS NOBAYRS NOBAYRS NOBAYRS NOBAYRS NOBAYRS NOBAYRS NOBAYRS NOBAYRS NOBAYRS
[16:43:16]  moribund: NOBAYRS
[16:43:16]  sparklecrotchthottie: NOBBERS NOBBERS NOBBERS NOBBERS NOBBERS NOBBERS NOBBERS NOBBERS NOBBERS NOBBERS NOBBERS NOBBERS NOBBERS NOBBERS NOBBERS NOBBERS NOBBERS
[16:43:17]  moribund: NOBAYRS NOBAYRS NOBAYRS NOBAYRS
[16:43:17]  moribund: NOBAYRS NOBAYRS
[16:43:18]  sparklecrotchthottie: NOBBERS NOBBERS NOBBERS NOBBERS NOBBERS NOBBERS NOBBERS NOBBERS NOBBERS NOBBERS NOBBERS NOBBERS NOBBERS NOBBERS NOBBERS NOBBERS NOBBERS NOBBERS NOBBERS NOBBERS NOBBERS NOBBERS NOBBERS NOBBERS
[16:43:18]  moribund: NOBAYRS NOBAYRS
[16:43:19]  sparklecrotchthottie: NOBBERS NOBBERS NOBBERS NOBBERS NOBBERS NOBBERS NOBBERS NOBBERS NOBBERS
[16:43:21]  sparklecrotchthottie: NOBBERS NOBBERS NOBBERS NOBBERS NOBBERS NOBBERS NOBBERS NOBBERS NOBBERS NOBBERS NOBBERS NOBBERS NOBBERS NOBBERS NOBBERS
[16:43:27]  moneymoneyloot: NOBAYRS NOBAYRS NOBAYRS NOBAYRS NOBAYRS NOBAYRS NOBAYRS NOBAYRS NOBAYRS NOBAYRS NOBAYRS NOBAYRS NOBAYRS NOBAYRS NOBAYRS NOBAYRS NOBAYRS NOBAYRS NOBAYRS NOBAYRS NOBAYRS NOBAYRS NOBAYRS NOBAYRS NOBAYRS
[16:43:27]  sparklecrotchthottie: N0B
[16:43:34]  moneymoneyloot: NOBAYRS NOBAYRS NOBAYRS NOBAYRS NOBAYRS NOBAYRS NOBAYRS NOBAYRS NOBAYRS NOBAYRS NOBAYRS NOBAYRS NOBAYRS NOBAYRS NOBAYRS NOBAYRS NOBAYRS NOBAYRS NOBAYRS NOBAYRS NOBAYRS NOBAYRS NOBAYRS NOBAYRS NOBAYRS NOBAYRS NOBAYRS NOBAYRS NOBAYRS NOBAYRS NOBAYRS NOBAYRS NOBAYRS NOBAYRS NOBAYRS NOBAYRS NOBAYRS NOBAYRS NOBAYRS NOBAYRS NOBAYRS NOBAYRS NOBAYRS NOBAYRS NOBAYRS NOBAYRS NOBAYRS NOBAYRS NOBAYRS NOBAYRS NOBAYRS NOBAYRS NOBAYRS NOBAYRS NOBAYRS NOBAYRS NOBAYRS NOBAYRS NOBAYRS NOBAYRS NOBAYRS NOBAYRS
[16:43:37]  sparklecrotchthottie: KICK ITS TEETH IN
[16:43:37]  apneaa: NOBAYRS NOBAYRS NOBAYRS NOBAYRS NOBAYRS NOBAYRS NOBAYRS NOBAYRS
[16:43:38]  apneaa: NOBAYRS NOBAYRS NOBAYRS NOBAYRS NOBAYRS NOBAYRS NOBAYRS NOBAYRS NOBAYRS NOBAYRS NOBAYRS NOBAYRS
[16:43:39]  apneaa: NOBAYRS NOBAYRS NOBAYRS NOBAYRS NOBAYRS NOBAYRS NOBAYRS NOBAYRS NOBAYRS NOBAYRS NOBAYRS NOBAYRS NOBAYRS NOBAYRS NOBAYRS NOBAYRS NOBAYRS NOBAYRS NOBAYRS NOBAYRS
[16:43:40]  apneaa: NOBAYRS NOBAYRS NOBAYRS NOBAYRS NOBAYRS NOBAYRS NOBAYRS NOBAYRS NOBAYRS NOBAYRS NOBAYRS NOBAYRS
[16:43:42]  moneymoneyloot: NOBAYRS NOBAYRS NOBAYRS NOBAYRS NOBAYRS NOBAYRS NOBAYRS NOBAYRS NOBAYRS NOBAYRS NOBAYRS NOBAYRS NOBAYRS NOBAYRS NOBAYRS NOBAYRS NOBAYRS NOBAYRS NOBAYRS NOBAYRS NOBAYRS NOBAYRS NOBAYRS NOBAYRS NOBAYRS NOBAYRS NOBAYRS NOBAYRS NOBAYRS NOBAYRS NOBAYRS NOBAYRS NOBAYRS NOBAYRS NOBAYRS NOBAYRS NOBAYRS NOBAYRS NOBAYRS NOBAYRS NOBAYRS NOBAYRS NOBAYRS NOBAYRS NOBAYRS NOBAYRS NOBAYRS NOBAYRS NOBAYRS NOBAYRS NOBAYRS NOBAYRS NOBAYRS NOBAYRS NOBAYRS NOBAYRS NOBAYRS NOBAYRS NOBAYRS NOBAYRS NOBAYRS NOBAYRS NOBA
[16:43:45]  moribund: NOBAYRS NOBAYRS NOBAYRS NOBAYRS NOBAYRS NOBAYRS NOBAYRS NOBAYRS NOBAYRS NOBAYRS NOBAYRS NOBAYRS NOBAYRS NOBAYRS NOBAYRS NOBAYRS NOBAYRS NOBAYRS NOBAYRS NOBAYRS NOBAYRS NOBAYRS NOBAYRS NOBAYRS NOBAYRS NOBAYRS NOBAYRS NOBAYRS NOBAYRS NOBAYRS NOBAYRS NOBAYRS NOBAYRS NOBAYRS NOBAYRS NOBAYRS NOBAYRS NOBAYRS NOBAYRS NOBAYRS NOBAYRS NOBAYRS NOBAYRS NOBAYRS NOBAYRS NOBAYRS NOBAYRS NOBAYRS NOBAYRS NOBAYRS NOBAYRS NOBAYRS NOBAYRS NOBAYRS NOBAYRS NOBAYRS NOBAYRS NOBAYRS NOBAYRS NOBAYRS NOBAYRS NOBAYRS
[16:43:48]  moribund: NOBAYRS NOBAYRS NOBAYRS NOBAYRS NOBAYRS NOBAYRS NOBAYRS NOBAYRS NOBAYRS NOBAYRS NOBAYRS NOBAYRS NOBAYRS NOBAYRS NOBAYRS NOBAYRS NOBAYRS NOBAYRS NOBAYRS NOBAYRS NOBAYRS NOBAYRS NOBAYRS NOBAYRS NOBAYRS NOBAYRS NOBAYRS NOBAYRS NOBAYRS NOBAYRS NOBAYRS NOBAYRS NOBAYRS NOBAYRS NOBAYRS NOBAYRS NOBAYRS NOBAYRS NOBAYRS NOBAYRS NOBAYRS NOBAYRS NOBAYRS NOBAYRS NOBAYRS NOBAYRS NOBAYRS NOBAYRS NOBAYRS NOBAYRS NOBAYRS NOBAYRS NOBAYRS NOBAYRS NOBAYRS NOBAYRS NOBAYRS NOBAYRS NOBAYRS NOBAYRS NOBAYRS
[16:43:51]  moribund: NOBAYRS NOBAYRS NOBAYRS NOBAYRS NOBAYRS NOBAYRS NOBAYRS NOBAYRS NOBAYRS NOBAYRS NOBAYRS NOBAYRS NOBAYRS NOBAYRS NOBAYRS NOBAYRS NOBAYRS NOBAYRS NOBAYRS NOBAYRS NOBAYRS NOBAYRS NOBAYRS NOBAYRS NOBAYRS NOBAYRS NOBAYRS NOBAYRS NOBAYRS NOBAYRS NOBAYRS NOBAYRS NOBAYRS NOBAYRS NOBAYRS NOBAYRS NOBAYRS NOBAYRS NOBAYRS NOBAYRS NOBAYRS NOBAYRS NOBAYRS NOBAYRS NOBAYRS NOBAYRS NOBAYRS NOBAYRS NOBAYRS NOBAYRS NOBAYRS NOBAYRS NOBAYRS NOBAYRS NOBAYRS NOBAYRS NOBAYRS NOBAYRS NOBAYRS NOBAYRS NOBAYRS
[16:43:53]  sparklecrotchthottie: RIP ITS RIGHT VENTRICAL OUT OF SOCKET
[16:43:56]  moneymoneyloot: NOBAYRS NOBAYRS NOBAYRS NOBAYRS NOBAYRS NOBAYRS NOBAYRS NOBAYRS NOBAYRS NOBAYRS NOBAYRS NOBAYRS NOBAYRS NOBAYRS NOBAYRS NOBAYRS NOBAYRS NOBAYRS NOBAYRS NOBAYRS NOBAYRS NOBAYRS NOBAYRS NOBAYRS NOBAYRS NOBAYRS NOBAYRS NOBAYRS NOBAYRS NOBAYRS NOBAYRS NOBAYRS NOBAYRS NOBAYRS NOBAYRS NOBAYRS NOBAYRS NOBAYRS NOBAYRS NOBAYRS NOBAYRS NOBAYRS NOBAYRS NOBAYRS NOBAYRS NOBAYRS NOBAYRS NOBAYRS NOBAYRS NOBAYRS NOBAYRS NOBAYRS NOBAYRS NOBAYRS NOBAYRS NOBAYRS NOBAYRS NOBAYRS NOBAYRS NOBAYRS NOBAYRS NOBAYRS
[16:44:02]  sparklecrotchthottie: DISPOSE OF THIS FIEND, TR00PBS
[16:44:04]  moneymoneyloot: NOBAYRS NOBAYRS NOBAYRS NOBAYRS NOBAYRS NOBAYRS NOBAYRS NOBAYRS NOBAYRS NOBAYRS NOBAYRS NOBAYRS NOBAYRS NOBAYRS NOBAYRS NOBAYRS NOBAYRS NOBAYRS NOBAYRS NOBAYRS NOBAYRS NOBAYRS NOBAYRS NOBAYRS NOBAYRS NOBAYRS NOBAYRS NOBAYRS NOBAYRS NOBAYRS NOBAYRS NOBAYRS NOBAYRS NOBAYRS NOBAYRS NOBAYRS NOBAYRS NOBAYRS NOBAYRS NOBAYRS NOBAYRS NOBAYRS NOBAYRS NOBAYRS NOBAYRS NOBAYRS NOBAYRS NOBAYRS NOBAYRS NOBAYRS NOBAYRS NOBAYRS NOBAYRS NOBAYRS NOBAYRS NOBAYRS NOBAYRS NOBAYRS NOBAYRS NOBAYRS NOBAYRS NOBAYRS  󠀀
[16:44:05]  apneaa: NOBAYRS NOBAYRS NOBAYRS NOBAYRS NOBAYRS NOBAYRS NOBAYRS NOBAYRS NOBAYRS NOBAYRS NOBAYRS NOBAYRS (please twitch no shadowban ;_;)
[16:44:13]  moneymoneyloot: NOBAYRS NOBAYRS NOBAYRS NOBAYRS NOBAYRS NOBAYRS NOBAYRS NOBAYRS NOBAYRS NOBAYRS NOBAYRS NOBAYRS NOBAYRS NOBAYRS NOBAYRS NOBAYRS NOBAYRS NOBAYRS NOBAYRS NOBAYRS NOBAYRS NOBAYRS NOBAYRS NOBAYRS NOBAYRS NOBAYRS NOBAYRS NOBAYRS NOBAYRS NOBAYRS NOBAYRS NOBAYRS NOBAYRS NOBAYRS NOBAYRS NOBAYRS NOBAYRS NOBAYRS NOBAYRS NOBAYRS NOBAYRS NOBAYRS NOBAYRS NOBAYRS NOBAYRS NOBAYRS NOBAYRS NOBAYRS NOBAYRS NOBAYRS NOBAYRS NOBAYRS NOBAYRS NOBAYRS NOBAYRS NOBAYRS NOBAYRS NOBAYRS NOBAYRS NOBAYRS NOBAYRS NOBAYRS
[16:44:13]  apneaa: NOBAYRS NOBAYRS NOBAYRS NOBAYRS NOBAYRS NOBAYRS NOBAYRS NOBAYRS NOBAYRS NOBAYRS NOBAYRS NOBAYRS NOBAYRS NOBAYRS NOBAYRS NOBAYRS NOBAYRS NOBAYRS NOBAYRS NOBAYRS NOBAYRS NOBAYRS NOBAYRS NOBAYRS NOBAYRS NOBAYRS NOBAYRS NOBAYRS NOBAYRS NOBAYRS NOBAYRS NOBAYRS NOBAYRS NOBAYRS NOBAYRS NOBAYRS NOBAYRS NOBAYRS NOBAYRS NOBAYRS NOBAYRS NOBAYRS NOBAYRS NOBAYRS NOBAYRS NOBAYRS NOBAYRS NOBAYRS
[16:44:20]  moneymoneyloot: NOBAYRS NOBAYRS NOBAYRS NOBAYRS NOBAYRS NOBAYRS NOBAYRS NOBAYRS NOBAYRS NOBAYRS NOBAYRS NOBAYRS (please twitch no shadowban ;_;)
[16:44:22]  moribund: NOBAYRS
[16:44:23]  moribund: NOBAYRS NOBAYRS
[16:44:23]  sparklecrotchthottie: COLON ELLES - DEPLOY
[16:44:24]  moribund: NOBAYRS NOBAYRS NOBAYRS
[16:44:25]  moribund: NOBAYRS NOBAYRS NOBAYRS NOBAYRS
[16:44:26]  moribund: NOBAYRS NOBAYRS NOBAYRS NOBAYRS NOBAYRS
[16:44:28]  moneymoneyloot: Apneaa: NOBAYRS NOBAYRS NOBAYRS NOBAYRS NOBAYRS NOBAYRS NOBAYRS NOBAYRS NOBAYRS NOBAYRS NOBAYRS NOBAYRS (please twitch no shadowban ;_;)  Apneaa: NOBAYRS NOBAYRS NOBAYRS NOBAYRS NOBAYRS NOBAYRS NOBAYRS NOBAYRS NOBAYRS NOBAYRS NOBAYRS NOBAYRS (please twitch no shadowban ;_;)
[16:44:28]  moribund: NOBAYRS NOBAYRS NOBAYRS NOBAYRS NOBAYRS NOBAYRS
[16:44:29]  apneaa: NOBAYRS NOBAYRS NOBAYRS NOBAYRS NOBAYRS NOBAYRS NOBAYRS NOBAYRS NOBAYRS NOBAYRS NOBAYRS NOBAYRS NOBAYRS NOBAYRS NOBAYRS NOBAYRS NOBAYRS NOBAYRS NOBAYRS NOBAYRS NOBAYRS NOBAYRS NOBAYRS NOBAYRS NOBAYRS NOBAYRS NOBAYRS NOBAYRS NOBAYRS NOBAYRS NOBAYRS NOBAYRS NOBAYRS NOBAYRS NOBAYRS NOBAYRS
[16:44:29]  moribund: NOBAYRS NOBAYRS NOBAYRS NOBAYRS NOBAYRS NOBAYRS NOBAYRS
[16:44:30]  apneaa: NOBAYRS NOBAYRS NOBAYRS NOBAYRS NOBAYRS NOBAYRS NOBAYRS NOBAYRS NOBAYRS NOBAYRS NOBAYRS NOBAYRS NOBAYRS NOBAYRS NOBAYRS NOBAYRS NOBAYRS NOBAYRS NOBAYRS NOBAYRS NOBAYRS NOBAYRS NOBAYRS NOBAYRS NOBAYRS NOBAYRS NOBAYRS NOBAYRS NOBAYRS NOBAYRS NOBAYRS NOBAYRS NOBAYRS NOBAYRS NOBAYRS NOBAYRS NOBAYRS NOBAYRS NOBAYRS NOBAYRS NOBAYRS NOBAYRS NOBAYRS NOBAYRS NOBAYRS NOBAYRS NOBAYRS NOBAYRS
[16:44:30]  moribund: NOBAYRS NOBAYRS NOBAYRS NOBAYRS NOBAYRS NOBAYRS NOBAYRS NOBAYRS
[16:44:32]  moribund: NOBAYRS NOBAYRS NOBAYRS NOBAYRS NOBAYRS NOBAYRS NOBAYRS NOBAYRS NOBAYRS
[16:44:33]  moneymoneyloot: Apneaa: NOBAYRS NOBAYRS NOBAYRS NOBAYRS NOBAYRS NOBAYRS NOBAYRS NOBAYRS NOBAYRS NOBAYRS NOBAYRS NOBAYRS (please twitch no shadowban ;_;) Apneaa: NOBAYRS NOBAYRS NOBAYRS NOBAYRS NOBAYRS NOBAYRS NOBAYRS NOBAYRS NOBAYRS NOBAYRS NOBAYRS NOBAYRS (please twitch no shadowban ;_;) Apneaa: NOBAYRS NOBAYRS NOBAYRS NOBAYRS NOBAYRS NOBAYRS NOBAYRS NOBAYRS NOBAYRS NOBAYRS NOBAYRS NOBAYRS (please twitch no shadowban ;_;)
[16:44:34]  moribund: NOBAYRS NOBAYRS NOBAYRS NOBAYRS NOBAYRS NOBAYRS NOBAYRS NOBAYRS NOBAYRS NOBAYRS
[16:44:36]  apneaa: NOBAYRS NOBAYRS NOBANOBAYRS NOBAYRS NOBAYRS NOBAYRS NOBAYRS NOBAYRS NOBAYRS NOBAYRS NOBAYRS NOBAYRS NOBAYRS NOBAYRS NOBAYRS NOBAYRS NOBAYRS NOBAYRS NOBAYRS NOBAYRS NOBAYRS NOBAYRS NOBAYRS NOBAYRS NOBAYRS NOBAYRS NOBAYRS NOBAYRS NOBAYRS NOBAYRS NOBAYRS NOBAYRS NOBAYRS NOBAYRS NOBAYRS NOBAYRS NOBAYRS NOBAYRS NOBAYRS NOBAYRS NOBAYRS NOBAYRS NOBAYRS NOBAYRS NOBAYRS NOBAYRS NOBAYRS NOBAYRS NOBAYRS NOBAYRS
[16:44:37]  apneaa: NOBAYRS NOBAYRS NOBAYRS NOBAYRS NOBAYRS NOBAYRS NOBAYRS NOBAYRS NOBAYRS NOBAYRS NOBAYRS NOBAYRS NOBAYRS NOBAYRS NOBAYRS NOBAYRS NOBAYRS NOBAYRS NOBAYRS NOBAYRS NOBAYRS NOBAYRS NOBAYRS NOBAYRS NOBAYRS NOBAYRS NOBAYRS NOBAYRS NOBAYRS NOBAYRS NOBAYRS NOBAYRS NOBAYRS NOBAYRS NOBAYRS NOBAYRS NOBAYRS NOBAYRS NOBAYRS NOBAYRS NOBAYRS NOBAYRS NOBAYRS NOBAYRS NOBAYRS NOBAYRS NOBAYRS NOBAYRS
[16:44:37]  moribund: NOBAYRS NOBAYRS NOBAYRS NOBAYRS NOBAYRS NOBAYRS NOBAYRS NOBAYRS NOBAYRS NOBAYRS NOBAYRS
[16:44:41]  moribund: NOBAYRS NOBAYRS NOBAYRS NOBAYRS NOBAYRS NOBAYRS NOBAYRS NOBAYRS NOBAYRS NOBAYRS NOBAYRS NOBAYRS
[16:44:45]  moribund: NOBAYRS NOBAYRS NOBAYRS NOBAYRS NOBAYRS NOBAYRS NOBAYRS NOBAYRS NOBAYRS NOBAYRS NOBAYRS NOBAYRS NOBAYRS
[16:44:47]  apneaa: NOBA NOBA NOBA NOBA
[16:44:48]  sparklecrotchthottie: THE C0LON ELLES HAVE MET THEIR MATCH
[16:44:48]  moribund: NOBAYRS NOBAYRS NOBAYRS NOBAYRS NOBAYRS NOBAYRS NOBAYRS NOBAYRS NOBAYRS NOBAYRS NOBAYRS NOBAYRS NOBAYRS NOBAYRS
[16:44:52]  moribund: NOBAYRS NOBAYRS NOBAYRS NOBAYRS NOBAYRS NOBAYRS NOBAYRS NOBAYRS NOBAYRS NOBAYRS NOBAYRS NOBAYRS NOBAYRS NOBAYRS NOBAYRS
[16:44:55]  apneaa: NOBER NOBER NOBER NOBER
[16:44:56]  apneaa: NOBA NOBA NOBA NOBA
[16:45:04]  moneymoneyloot: NOBAYRS NOBAYRS NOBAYRS NOBAYRS NOBAYRS NOBAYRS NOBAYRS NOBAYRS NOBAYRS NOBAYRS NOBAYRS NOBAYRS NOBAYRS NOBAYRS NOBAYRS NOBAYRS NOBAYRS NOBAYRS NOBAYRS NOBAYRS NOBAYRS NOBAYRS NOBAYRS NOBAYRS NOBAYRS NOBAYRS NOBAYRS NOBAYRS NOBAYRS NOBAYRS NOBAYRS NOBAYRS NOBAYRS NOBAYRS NOBAYRS NOBAYRS NOBAYRS NOBAYRS NOBAYRS NOBAYRS NOBAYRS NOBAYRS NOBAYRS NOBAYRS NOBAYRS NOBAYRS NOBAYRS NOBAYRS NOBAYRS NOBAYRS NOBAYRS NOBAYRS NOBAYRS NOBAYRS NOBAYRS NOBAYRS NOBAYRS NOBAYRS NOBAYRS NOBAYRS NOBAYRS NOBAYRS
[16:45:12]  moribund: redbea13Bouldy NOBAYRS redbea13Bouldy NOBAYRS redbea13Bouldy NOBAYRS redbea13Bouldy NOBAYRS redbea13Bouldy NOBAYRS
[16:45:14]  sparklecrotchthottie: HERE COMES DEMONFR0M LIFECOACH
[16:45:23]  moneymoneyloot: NOBAYRS NOBAYRS NOBAYRS NOBAYRS NOBAYRS NOBAYRS NOBAYRS NOBAYRS NOBAYRS NOBAYRS NOBAYRS NOBAYRS NOBAYRS NOBAYRS NOBAYRS NOBAYRS NOBAYRS NOBAYRS NOBAYRS NOBAYRS NOBAYRS NOBAYRS NOBAYRS NOBAYRS NOBAYRS NOBAYRS NOBAYRS NOBAYRS NOBAYRS NOBAYRS NOBAYRS NOBAYRS NOBAYRS NOBAYRS NOBAYRS NOBAYRS NOBAYRS NOBAYRS NOBAYRS NOBAYRS NOBAYRS NOBAYRS NOBAYRS NOBAYRS NOBAYRS NOBAYRS NOBAYRS NOBAYRS NOBAYRS NOBAYRS NOBAYRS NOBAYRS NOBAYRS NOBAYRS NOBAYRS NOBAYRS NOBAYRS NOBAYRS NOBAYRS NOBAYRS NOBAYRS NOBAYRS 󠀀
[16:45:25]  moneymoneyloot: NOBAYRS NOBAYRS NOBAYRS NOBAYRS NOBAYRS NOBAYRS NOBAYRS NOBAYRS NOBAYRS NOBAYRS NOBAYRS NOBAYRS NOBAYRS NOBAYRS NOBAYRS NOBAYRS NOBAYRS NOBAYRS NOBAYRS NOBAYRS NOBAYRS NOBAYRS NOBAYRS NOBAYRS NOBAYRS NOBAYRS NOBAYRS NOBAYRS NOBAYRS NOBAYRS NOBAYRS NOBAYRS NOBAYRS NOBAYRS NOBAYRS NOBAYRS NOBAYRS NOBAYRS NOBAYRS NOBAYRS NOBAYRS NOBAYRS NOBAYRS NOBAYRS NOBAYRS NOBAYRS NOBAYRS NOBAYRS NOBAYRS NOBAYRS NOBAYRS NOBAYRS NOBAYRS NOBAYRS NOBAYRS NOBAYRS NOBAYRS NOBAYRS NOBAYRS NOBAYRS NOBAYRS NOBAYRS
[16:45:27]  sparklecrotchthottie: *sucks on beardys beard like spaghetti*
[16:45:34]  moneymoneyloot: NOBAYRS NOBAYRS NOBAYRS NOBAYRS NOBAYRS NOBAYRS NOBAYRS NOBAYRS NOBAYRS NOBAYRS NOBAYRS NOBAYRS NOBAYRS NOBAYRS NOBAYRS NOBAYRS NOBAYRS NOBAYRS NOBAYRS NOBAYRS NOBAYRS NOBAYRS NOBAYRS NOBAYRS NOBAYRS NOBAYRS NOBAYRS NOBAYRS NOBAYRS NOBAYRS NOBAYRS NOBAYRS NOBAYRS NOBAYRS NOBAYRS NOBAYRS NOBAYRS NOBAYRS NOBAYRS NOBAYRS NOBAYRS NOBAYRS NOBAYRS NOBAYRS NOBAYRS NOBAYRS NOBAYRS NOBAYRS NOBAYRS NOBAYRS NOBAYRS NOBAYRS NOBAYRS NOBAYRS NOBAYRS NOBAYRS NOBAYRS NOBAYRS NOBAYRS NOBAYRS NOBAYRS NOBAYRS 󠀀
[16:45:38]  moribund: redbea13StickL NOBAYRS redbea13StickR redbea13StickL NOBAYRS redbea13StickR redbea13StickL NOBAYRS redbea13StickR redbea13StickL NOBAYRS redbea13StickR redbea13StickL NOBAYRS redbea13StickR redbea13StickL NOBAYRS redbea13StickR redbea13StickL NOBAYRS redbea13StickR redbea13StickL NOBAYRS redbea13StickR redbea13StickL NOBAYRS redbea13StickR
[16:45:39]  sparklecrotchthottie: NOBBERS NOBBERS NOBBERS NOBBERS NOBBERS NOBBERS NOBBERS NOBBERS NOBBERS NOBBERS NOBBERS NOBBERS NOBBERS NOBBERS NOBBERS NOBBERS NOBBERS NOBBERS NOBBERS NOBBERS NOBBERS NOBBERS NOBBERS NOBBERS NOBBERS NOBBERS NOBBERS
[16:45:39]  moribund: redbea13StickL NOBAYRS redbea13StickR redbea13StickL NOBAYRS redbea13StickR redbea13StickL NOBAYRS redbea13StickR redbea13StickL NOBAYRS redbea13StickR redbea13StickL NOBAYRS redbea13StickR
[16:45:41]  moribund: redbea13StickL NOBAYRS redbea13StickR redbea13StickL NOBAYRS redbea13StickR redbea13StickL NOBAYRS redbea13StickR redbea13StickL NOBAYRS redbea13StickR redbea13StickL NOBAYRS redbea13StickR redbea13StickL NOBAYRS redbea13StickR redbea13StickL NOBAYRS redbea13StickR redbea13StickL NOBAYRS redbea13StickR
[16:45:41]  sparklecrotchthottie: NOBBERS NOBBERS NOBBERS NOBBERS NOBBERS NOBBERS NOBBERS NOBBERS NOBBERS NOBBERS NOBBERS NOBBERS NOBBERS NOBBERS NOBBERS NOBBERS NOBBERS NOBBERS NOBBERS NOBBERS NOBBERS NOBBERS NOBBERS NOBBERS NOBBERS NOBBERS NOBBERS NOBBERS NOBBERS NOBBERS
[16:45:44]  sparklecrotchthottie: NOBBERS NOBBERS NOBBERS NOBBERS NOBBERS
[16:45:44]  sparklecrotchthottie: NOBBERS NOBBERS NOBBERS NOBBERS
[16:45:45]  sparklecrotchthottie: NOBBERS NOBBERS NOBBERS NOBBERS NOBBERS
[16:45:49]  moneymoneyloot: NOBAYRS NOBAYRS NOBAYRS NOBAYRS NOBAYRS NOBAYRS NOBAYRS NOBAYRS NOBAYRS NOBAYRS NOBAYRS NOBAYRS NOBAYRS NOBAYRS NOBAYRS NOBAYRS NOBAYRS NOBAYRS NOBAYRS NOBAYRS NOBAYRS NOBAYRS NOBAYRS NOBAYRS NOBAYRS NOBAYRS NOBAYRS NOBAYRS NOBAYRS NOBAYRS NOBAYRS NOBAYRS NOBAYRS NOBAYRS NOBAYRS NOBAYRS NOBAYRS NOBAYRS NOBAYRS NOBAYRS NOBAYRS NOBAYRS NOBAYRS NOBAYRS NOBAYRS NOBAYRS NOBAYRS NOBAYRS NOBAYRS NOBAYRS NOBAYRS NOBAYRS NOBAYRS NOBAYRS NOBAYRS NOBAYRS NOBAYRS NOBAYRS NOBAYRS NOBAYRS NOBAYRS NOBAYRS
[16:45:57]  moneymoneyloot: NOBBERS NOBBERS NOBBERS NOBBERS NOBBERS NOBBERS NOBBERS NOBBERS NOBBERS NOBBERS NOBBERS NOBBERS NOBBERS NOBBERS NOBBERS NOBBERS NOBBERS NOBBERS NOBBERS NOBBERS NOBBERS NOBBERS NOBBERS NOBBERS NOBBERS NOBBERS NOBBERS NOBBERS NOBBERS NOBBERS
[16:46:20]  apneaa: NOBBEURS IN PARIS NOBBEURS IN PARIS NOBBEURS IN PARIS
[16:46:22]  apneaa: NOBBEURS IN PARIS NOBBEURS IN PARIS NOBBEURS IN PARIS NOBBEURS IN PARIS NOBBEURS IN PARIS NOBBEURS IN PARIS
[16:46:22]  moneymoneyloot: (we're still on turn 2) NOBBERS NOBBERS NOBBERS NOBBERS NOBBERS NOBBERS NOBBERS NOBBERS NOBBERS NOBBERS NOBBERS NOBBERS NOBBERS NOBBERS NOBBERS NOBBERS NOBBERS NOBBERS NOBBERS NOBBERS NOBBERS NOBBERS NOBBERS NOBBERS NOBBERS NOBBERS NOBBERS NOBBERS NOBBERS NOBBERSNOBBERS NOBBERS NOBBERS NOBBERS NOBBERS NOBBERS NOBBERS NOBBERS NOBBERS NOBBERS NOBBERS NOBBERS NOBBERS NOBBERS NOBBERS NOBBERS NOBBERS NOBBERS NOBBERS NOBBERS NOBBERS NOBBERS NOBBERS NOBBERS NOBBERS NOBBERS NOBBERS NOBBERS NOBBERS
[16:46:23]  apneaa: NOBBEURS IN PARIS NOBBEURS IN PARIS NOBBEURS IN PARIS NOBBEURS IN PARIS NOBBEURS IN PARIS
[16:46:25]  apneaa: NOBBEURS IN PARIS NOBBEURS IN PARIS NOBBEURS IN PARIS NOBBEURS IN PARIS NOBBEURS IN PARIS NOBBEURS IN PARIS
[16:46:26]  apneaa: NOBBEURS IN PARIS NOBBEURS IN PARIS NOBBEURS IN PARIS NOBBEURS IN PARIS NOBBEURS IN PARIS
[16:46:27]  apneaa: NOBBEURS IN PARIS NOBBEURS IN PARIS NOBBEURS IN PARIS NOBBEURS IN PARIS NOBBEURS IN PARIS NOBBEURS IN PARIS
[16:46:29]  sparklecrotchthottie: @moneymoneyloot lul
[16:46:29]  apneaa: NOBBEURS IN PARIS NOBBEURS IN PARIS NOBBEURS IN PARIS NOBBEURS IN PARIS NOBBEURS IN PARIS NOBBEURS IN PARIS NOBBEURS IN PARIS NOBBEURS IN PARIS
[16:47:43]  sparklecrotchthottie: NOBBERS D0INK NOBBERS D0INK NOBBERS D0INK NOBBERS D0INK NOBBERS D0INK NOBBERS D0INK NOBBERS D0INK NOBBERS D0INK NOBBERS D0INK NOBBERS D0INK NOBBERS D0INK NOBBERS D0INK NOBBERS D0INK NOBBERS D0INK NOBBERS D0INK NOBBERS D0INK NOBBERS D0INK NOBBERS D0INK
[16:47:47]  sparklecrotchthottie: BOOOOOOWAAAAAAAAAAAAAAAAAAA
[16:47:47]  moribund: NOBAYRS
[16:47:59]  sparklecrotchthottie: NOBBERS D0INK NOBBERS D0INK NOBBERS D0INK NOBBERS D0INK NOBBERS D0INK NOBBERS D0INK NOBBERS D0INK NOBBERS D0INK NOBBERS D0INK NOBBERS D0INK NOBBERS D0INK NOBBERS D0INK NOBBERS D0INK NOBBERS D0INK NOBBERS D0INK NOBBERS D0INK NOBBERS D0INK NOBBERS D0INK NOBBERS D0INK NOBBERS D0INK
[16:48:02]  moribund: NOBAYRS
[16:48:02]  moribund: NOBAYRS
[16:48:03]  moribund: NOBAYRS
[16:48:03]  sparklecrotchthottie: NOBBERS NOBBERS NOBBERS NOBBERS NOBBERS NOBBERS NOBBERS NOBBERS NOBBERS NOBBERS NOBBERS NOBBERS NOBBERS NOBBERS NOBBERS NOBBERS
[16:48:03]  moribund: NOBAYRS
[16:48:03]  moribund: NOBAYRS
[16:48:04]  moribund: NOBAYRS
[16:48:04]  moribund: NOBAYRS
[16:48:05]  moribund: NOBAYRS
[16:48:05]  moribund: NOBAYRS
[16:48:06]  moribund: NOBAYRS
[16:48:06]  moribund: NOBAYRS
[16:48:06]  sparklecrotchthottie: NOBBERS NOBBERS NOBBERS NOBBERS NOBBERS NOBBERS NOBBERS NOBBERS NOBBERS NOBBERS NOBBERS NOBBERS NOBBERS NOBBERS NOBBERS NOBBERS V
[16:48:06]  moribund: NOBAYRS
[16:48:06]  moribund: NOBAYRS
[16:48:06]  moribund: NOBAYRS
[16:48:07]  moribund: NOBAYRS
[16:48:07]  sparklecrotchthottie: NOBBERS
[16:48:07]  moribund: NOBAYRS
[16:48:08]  moribund: NOBAYRS
[16:48:08]  moribund: NOBAYRS
[16:48:08]  moribund: NOBAYRS
[16:48:09]  moribund: NOBAYRS
[16:48:09]  moribund: NOBAYRS
[16:48:09]  sparklecrotchthottie: NOBBERS NOBBERS NOBBERS NOBBERS
[16:48:10]  moribund: NOBAYRS
[16:48:10]  moribund: NOBAYRS
[16:48:11]  moribund: NOBAYRS
[16:48:11]  moribund: NOBAYRS
[16:48:11]  sparklecrotchthottie: NOBBERS NOBBERS NOBBERS
[16:48:11]  moribund: NOBAYRS
[16:48:11]  moribund: NOBAYRS
[16:48:12]  moribund: NOBAYRS
[16:48:12]  moribund: NOBAYRS
[16:48:12]  sparklecrotchthottie: NOBBERS NOBBERS NOBBERS NOBBERS NOBBERS
[16:48:13]  moribund: NOBAYRS
[16:48:13]  moribund: NOBAYRS
[16:48:13]  moribund: NOBAYRS
[16:48:14]  moribund: NOBAYRS
[16:48:14]  sparklecrotchthottie: NOBBERS NOBBERS NOBBERS NOBBERS NOBBERS NOBBERS
[16:48:14]  moribund: NOBAYRS
[16:48:14]  moribund: NOBAYRS
[16:48:14]  moribund: NOBAYRS
[16:48:15]  moribund: NOBAYRS
[16:48:15]  moribund: NOBAYRS
[16:48:15]  moribund: NOBAYRS
[16:48:15]  moribund: NOBAYRS
[16:48:16]  moribund: NOBAYRS
[16:48:16]  sparklecrotchthottie: VNOBBERS NOBBERS NOBBERS NOBBERS NOBBERS NOBBERS NOBBERS
[16:48:16]  moribund: NOBAYRS
[16:48:16]  moribund: NOBAYRS
[16:48:16]  moribund: NOBAYRS
[16:48:17]  moribund: NOBAYRS
[16:48:17]  moribund: NOBAYRS
[16:48:18]  moribund: NOBAYRS
[16:48:18]  moribund: NOBAYRS
[16:48:19]  moribund: NOBAYRS
[16:48:19]  moribund: NOBAYRS
[16:48:19]  moribund: NOBAYRS
[16:48:20]  moribund: NOBAYRS
[16:48:22]  moribund: NOBAYRS
[16:48:23]  sparklecrotchthottie: NOBBERS NOBBERS NOBBERS NOBBERS NOBBERS NOBBERS NOBBERS NOBBERS NOBBERS NOBBERS NOBBERS NOBBERS NOBBERS NOBBERS NOBBERS NOBBERS NOBBERS NOBBERS NOBBERS NOBBERS
[16:48:25]  sparklecrotchthottie: NOBBERS NOBBERS NOBBERS NOBBERS NOBBERS NOBBERS NOBBERS NOBBERS NOBBERS NOBBERS NOBBERS NOBBERS NOBBERS NOBBERS NOBBERS NOBBERS NOBBERS NOBBERS NOBBERS NOBBERS NOBBERS NOBBERS NOBBERS NOBBERS NOBBERS
[16:48:26]  sparklecrotchthottie: NOBBERS NOBBERS NOBBERS NOBBERS NOBBERS NOBBERS NOBBERS NOBBERS NOBBERS NOBBERS NOBBERS NOBBERS NOBBERS NOBBERS NOBBERS NOBBERS NOBBERS NOBBERS NOBBERS NOBBERS
[16:48:27]  moribund: NOBAYRS
[16:48:28]  moribund: NOBAYRS
[16:48:28]  moribund: NOBAYRS
[16:48:28]  moribund: NOBAYRS
[16:48:28]  sparklecrotchthottie: NOBBERS NOBBERS NOBBERS NOBBERS NOBBERS NOBBERS NOBBERS NOBBERS NOBBERS NOBBERS NOBBERS NOBBERS NOBBERS NOBBERS NOBBERS NOBBERS NOBBERS NOBBERS NOBBERS NOBBERS NOBBERS NOBBERS NOBBERS NOBBERS NOBBERS NOBBERS
[16:48:29]  moribund: NOBAYRS
[16:48:29]  moribund: NOBAYRS
[16:48:29]  moneymoneyloot: NOBBERS NOBBERS NOBBERS NOBBERS NOBBERS NOBBERS NOBBERS NOBBERS NOBBERS NOBBERS NOBBERS NOBBERS NOBBERS NOBBERS NOBBERS NOBBERS NOBBERS NOBBERS NOBBERS NOBBERS NOBBERS NOBBERS NOBBERS NOBBERS NOBBERS NOBBERS NOBBERS NOBBERS NOBBERS NOBBERS
[16:48:29]  moribund: NOBAYRS
[16:48:30]  moribund: NOBAYRS
[16:48:30]  sparklecrotchthottie: NOBBERS NOBBERS NOBBERS NOBBERS NOBBERS NOBBERS NOBBERS NOBBERS NOBBERS NOBBERS NOBBERS NOBBERS NOBBERS NOBBERS NOBBERS NOBBERS NOBBERS NOBBERS NOBBERS NOBBERS NOBBERS NOBBERS NOBBERS NOBBERS
[16:48:30]  moribund: NOBAYRS
[16:48:30]  moneymoneyloot: NOBBERS NOBBERS NOBBERS NOBBERS NOBBERS NOBBERS NOBBERS NOBBERS NOBBERS NOBBERS NOBBERS NOBBERS NOBBERS NOBBERS NOBBERS NOBBERS NOBBERS NOBBERS NOBBERS NOBBERS NOBBERS NOBBERS NOBBERS NOBBERS NOBBERS NOBBERS NOBBERS NOBBERS NOBBERS NOBBERS
[16:48:31]  moribund: NOBAYRS
[16:48:31]  moribund: NOBAYRS
[16:48:31]  moribund: NOBAYRS
[16:48:32]  moribund: NOBAYRS
[16:48:32]  sparklecrotchthottie: NOBBERS NOBBERS NOBBERS NOBBERS NOBBERS NOBBERS NOBBERS NOBBERS NOBBERS NOBBERS NOBBERS NOBBERS NOBBERS NOBBERS NOBBERS NOBBERS NOBBERS NOBBERS NOBBERS NOBBERS NOBBERS NOBBERS NOBBERS
[16:48:32]  moribund: NOBAYRS
[16:48:32]  moribund: NOBAYRS
[16:48:32]  moneymoneyloot: NOBBERS NOBBERS NOBBERS NOBBERS NOBBERS NOBBERS NOBBERS NOBBERS NOBBERS NOBBERS NOBBERS NOBBERS NOBBERS NOBBERS NOBBERS NOBBERS NOBBERS NOBBERS NOBBERS NOBBERS NOBBERS NOBBERS NOBBERS NOBBERS NOBBERS NOBBERS NOBBERS NOBBERS NOBBERS NOBBERS 󠀀
[16:48:33]  moribund: NOBAYRS
[16:48:33]  moribund: NOBAYRS
[16:48:33]  moribund: NOBAYRS
[16:48:34]  moribund: NOBAYRS
[16:48:34]  moribund: NOBAYRS
[16:48:34]  sparklecrotchthottie: NOBBERS NOBBERS NOBBERS NOBBERS NOBBERS NOBBERS NOBBERS NOBBERS NOBBERS NOBBERS NOBBERS NOBBERS NOBBERS NOBBERS NOBBERS NOBBERS NOBBERS NOBBERS NOBBERS NOBBERS NOBBERS NOBBERS NOBBERS NOBBERS NOBBERS NOBBERS NOBBERS NOBBERS NOBBERS NOBBERS NOBBERS NOBBERS NOBBERS NOBBERS NOBBERS NOBBERS NOBBERS NOBBERS NOBBERS
[16:48:35]  moribund: NOBAYRS
[16:48:35]  moribund: NOBAYRS
[16:48:35]  moribund: NOBAYRS
[16:48:36]  moribund: NOBAYRS
[16:48:36]  moribund: NOBAYRS
[16:48:36]  sparklecrotchthottie: NOBBERS NOBBERS NOBBERS NOBBERS NOBBERS NOBBERS NOBBERS NOBBERS NOBBERS NOBBERS NOBBERS NOBBERS NOBBERS NOBBERS NOBBERS NOBBERS NOBBERS NOBBERS NOBBERS NOBBERS NOBBERS NOBBERS NOBBERS NOBBERS NOBBERS NOBBERS NOBBERS NOBBERS NOBBERS NOBBERS
[16:48:36]  moribund: NOBAYRS
[16:48:37]  moribund: NOBAYRS
[16:48:37]  moribund: NOBAYRS
[16:48:38]  moribund: NOBAYRS
[16:48:38]  sparklecrotchthottie: NOBBERS NOBBERS NOBBERS NOBBERS NOBBERS NOBBERS NOBBERS NOBBERS NOBBERS NOBBERS NOBBERS NOBBERS NOBBERS NOBBERS NOBBERS NOBBERS NOBBERS NOBBERS NOBBERS NOBBERS NOBBERS NOBBERS NOBBERS NOBBERS NOBBERS NOBBERS NOBBERS NOBBERS NOBBERS NOBBERS NOBBERS
[16:48:38]  moribund: NOBAYRS
[16:48:38]  moribund: NOBAYRS
[16:48:39]  moribund: NOBAYRS
[16:48:39]  moribund: NOBAYRS
[16:48:40]  sparklecrotchthottie: NOBBERS NOBBERS NOBBERS NOBBERS NOBBERS
[16:48:40]  moribund: NOBAYRS
[16:48:40]  moribund: NOBAYRS
[16:48:41]  moribund: NOBAYRS
[16:48:41]  moribund: NOBAYRS
[16:48:41]  moribund: NOBAYRS
[16:48:41]  sparklecrotchthottie: NOBBERS NOBBERS
[16:48:42]  moribund: NOBAYRS
[16:48:42]  moneymoneyloot: NOBBERS NOBBERS NOBBERS NOBBERS NOBBERS NOBBERS NOBBERS NOBBERS NOBBERS NOBBERS NOBBERS NOBBERS NOBBERS NOBBERS NOBBERS NOBBERS NOBBERS NOBBERS NOBBERS NOBBERS NOBBERS NOBBERS NOBBERS NOBBERS NOBBERS NOBBERS NOBBERS NOBBERS NOBBERS NOBBERS
[16:48:42]  moribund: NOBAYRS
[16:48:43]  moribund: NOBAYRS
[16:48:43]  moribund: NOBAYRS
[16:48:43]  moribund: NOBAYRS
[16:48:43]  moribund: NOBAYRS
[16:48:43]  sparklecrotchthottie: NOBBERS NOBBERS NOBBERS
[16:48:44]  moribund: NOBAYRS
[16:48:44]  moribund: NOBAYRS
[16:48:44]  moribund: NOBAYRS
[16:48:45]  moribund: NOBAYRS
[16:48:45]  sparklecrotchthottie: NOBBERS NOBBERS NOBBERS NOBBERS NOBBERS
[16:48:45]  moribund: NOBAYRS
[16:48:45]  moribund: NOBAYRS
[16:48:45]  moribund: NOBAYRS
[16:48:46]  moribund: NOBAYRS
[16:48:46]  moribund: NOBAYRS
[16:48:46]  moribund: NOBAYRS
[16:48:46]  moribund: NOBAYRS
[16:48:46]  sparklecrotchthottie: NOBBERS NOBBERS NOBBERS NOBBERS NOBBERS NOBBERS NOBBERS
[16:48:47]  moribund: NOBAYRS
[16:48:47]  moribund: NOBAYRS
[16:48:47]  moribund: NOBAYRS
[16:48:47]  moribund: NOBAYRS
[16:48:48]  moribund: NOBAYRS
[16:48:48]  moribund: NOBAYRS
[16:48:49]  moribund: NOBAYRS
[16:48:49]  moribund: NOBAYRS
[16:48:49]  sparklecrotchthottie: NOBBERS NOBBERS NOBBERS NOBBERS NOBBERS NOBBERS NOBBERS NOBBERS
[16:48:49]  moribund: NOBAYRS
[16:48:50]  moribund: NOBAYRS
[16:48:50]  moribund: NOBAYRS
[16:48:50]  moribund: NOBAYRS
[16:48:51]  sparklecrotchthottie: NOBBERS NOBBERS NOBBERS NOBBERS NOBBERS NOBBERS NOBBERS NOBBERS NOBBERS NOBBERS NOBBERS NOBBERS NOBBERS NOBBERS NOBBERS NOBBERS NOBBERS NOBBERS NOBBERS NOBBERS NOBBERS NOBBERS NOBBERS NOBBERS NOBBERS
[16:48:52]  moneymoneyloot: NOBBERS NOBBERS NOBBERS NOBBERS NOBBERS NOBBERS NOBBERS NOBBERS NOBBERS NOBBERS NOBBERS NOBBERS NOBBERS NOBBERS NOBBERS NOBBERS NOBBERS NOBBERS NOBBERS NOBBERS NOBBERS NOBBERS NOBBERS NOBBERS NOBBERS NOBBERS NOBBERS NOBBERS NOBBERS NOBBERS 󠀀
[16:48:59]  sparklecrotchthottie: NOBBERS NOBBERS NOBBERS NOBBERS NOBBERS NOBBERS NOBBERS NOBBERS NOBBERS NOBBERS NOBBERS NOBBERS NOBBERS NOBBERS NOBBERS NOBBERS NOBBERS NOBBERS NOBBERS NOBBERS NOBBERS NOBBERS NOBBERS NOBBERS NOBBERS NOBBERS NOBBERS NOBBERS NOBBERS NOBBERS NOBBERS NOBBERS NOBBERS NOBBERS NOBBERS NOBBERS NOBBERS NOBBERS NOBBERS NOBBERS NOBBERS NOBBERS NOBBERS NOBBERS NOBBERS NOBBERS NOBBERS
[16:48:59]  sparklecrotchthottie: NOBBERS NOBBERS NOBBERS NOBBERS NOBBERS NOBBERS NOBBERS NOBBERS NOBBERS NOBBERS NOBBERS NOBBERS NOBBERS NOBBERS NOBBERS NOBBERS NOBBERS NOBBERS NOBBERS NOBBERS NOBBERS NOBBERS NOBBERS NOBBERS NOBBERS NOBBERS NOBBERS NOBBERS NOBBERS NOBBERS NOBBERS NOBBERS NOBBERS NOBBERS NOBBERS NOBBERS NOBBERS NOBBERS NOBBERS NOBBERS NOBBERS
[16:49:00]  moneymoneyloot: NOBAYRS NOBAYRS NOBAYRS NOBAYRS NOBAYRS NOBAYRS NOBAYRS NOBAYRS NOBAYRS NOBAYRS NOBAYRS NOBAYRS NOBAYRS NOBAYRS NOBAYRS NOBAYRS NOBAYRS NOBAYRS NOBAYRS NOBAYRS NOBAYRS NOBAYRS NOBAYRS NOBAYRS NOBAYRS NOBAYRS NOBAYRS NOBAYRS NOBAYRS
[16:49:04]  moneymoneyloot: NOBAYRS NOBAYRS NOBAYRS NOBAYRS NOBAYRS NOBAYRS NOBAYRS NOBAYRS NOBAYRS NOBAYRS NOBAYRS NOBAYRS NOBAYRS NOBAYRS NOBAYRS NOBAYRS NOBAYRS NOBAYRS NOBAYRS NOBAYRS NOBAYRS NOBAYRS NOBAYRS NOBAYRS NOBAYRS NOBAYRS NOBAYRS NOBAYRS NOBAYRS NOBAYRS NOBAYRS NOBAYRS NOBAYRS NOBAYRS NOBAYRS NOBAYRS NOBAYRS NOBAYRS NOBAYRS NOBAYRS NOBAYRS NOBAYRS NOBAYRS NOBAYRS NOBAYRS NOBAYRS NOBAYRS NOBAYRS NOBAYRS
[16:49:04]  sparklecrotchthottie: NOBBERS NOBBERS NOBBERS NOBBERS NOBBERS NOBBERS NOBBERS NOBBERS NOBBERS NOBBERS NOBBERS NOBBERS NOBBERS NOBBERS NOBBERS NOBBERS NOBBERS NOBBERS NOBBERS NOBBERS NOBBERS NOBBERS NOBBERS NOBBERS NOBBERS NOBBERS NOBBERS NOBBERS
[16:49:06]  sparklecrotchthottie: NOBBERS NOBBERS NOBBERS NOBBERS NOBBERS NOBBERS NOBBERS NOBBERS NOBBERS NOBBERS NOBBERS NOBBERS NOBBERS NOBBERS NOBBERS NOBBERS NOBBERS NOBBERS NOBBERS NOBBERS NOBBERS NOBBERS NOBBERS NOBBERS NOBBERS NOBBERS NOBBERS NOBBERS NOBBERS NOBBERS NOBBERS
[16:49:10]  moneymoneyloot: NOBAYRS NOBAYRS NOBAYRS NOBAYRS NOBAYRS NOBAYRS NOBAYRS NOBAYRS NOBAYRS NOBAYRS NOBAYRS NOBAYRS NOBAYRS NOBAYRS NOBAYRS NOBAYRS NOBAYRS NOBAYRS NOBAYRS NOBAYRS NOBAYRS NOBAYRS NOBAYRS NOBAYRS NOBAYRS NOBAYRS NOBAYRS NOBAYRS NOBAYRS NOBAYRS NOBAYRS NOBAYRS NOBAYRS NOBAYRS NOBAYRS NOBAYRS NOBAYRS NOBAYRS NOBAYRS NOBAYRS NOBAYRS NOBAYRS NOBAYRS NOBAYRS NOBAYRS NOBAYRS NOBAYRS NOBAYRS NOBAYRS
[16:49:11]  sparklecrotchthottie: NOBAYRS NOBAYRS NOBAYRS NOBAYRS NOBAYRS NOBAYRS NOBAYRS NOBAYRS NOBAYRS NOBAYRS NOBAYRS NOBAYRS NOBAYRS NOBAYRS NOBAYRS NOBAYRS NOBAYRS NOBAYRS NOBAYRS NOBAYRS NOBAYRS NOBAYRS NOBAYRS NOBAYRS NOBAYRS NOBAYRS NOBAYRS
[16:49:13]  sparklecrotchthottie: NOBAYRS NOBAYRS NOBAYRS NOBAYRS NOBAYRS NOBAYRS NOBAYRS NOBAYRS NOBAYRS NOBAYRS NOBAYRS NOBAYRS NOBAYRS NOBAYRS NOBAYRS NOBAYRS NOBAYRS NOBAYRS NOBAYRS NOBAYRS NOBAYRS NOBAYRS NOBAYRS NOBAYRS NOBAYRS NOBAYRS NOBAYRS NOBAYRS NOBAYRS NOBAYRS NOBAYRS NOBAYRS NOBAYRS NOBAYRS
[16:49:14]  moneymoneyloot: NOBAYRS NOBAYRS NOBAYRS NOBAYRS NOBAYRS NOBAYRS NOBAYRS NOBAYRS NOBAYRS NOBAYRS NOBAYRS NOBAYRS NOBAYRS NOBAYRS NOBAYRS NOBAYRS NOBAYRS NOBAYRS NOBAYRS NOBAYRS NOBAYRS NOBAYRS NOBAYRS NOBAYRS NOBAYRS NOBAYRS NOBAYRS NOBAYRS NOBAYRS NOBAYRS NOBAYRS NOBAYRS NOBAYRS NOBAYRS NOBAYRS NOBAYRS NOBAYRS NOBAYRS NOBAYRS NOBAYRS NOBAYRS NOBAYRS NOBAYRS NOBAYRS NOBAYRS NOBAYRS NOBAYRS NOBAYRS NOBAYRSNOBAYRS NOBAYRS NOBAYRS NOBAYRS NOBAYRS NOBAYRS NOBAYRS NOBAYRS NOBAYRS NOBAYRS NOBAYRS NOBAYRS NOBAYRS
[16:49:15]  sparklecrotchthottie: NOBAYRS NOBAYRS NOBAYRS NOBAYRS NOBAYRS NOBAYRS NOBAYRS NOBAYRS NOBAYRS NOBAYRS NOBAYRS NOBAYRS NOBAYRS NOBAYRS NOBAYRS NOBAYRS NOBAYRS NOBAYRS NOBAYRS NOBAYRS NOBAYRS NOBAYRS NOBAYRS NOBAYRS NOBAYRS NOBAYRS NOBAYRS NOBAYRS NOBAYRS NOBAYRS NOBAYRS NOBAYRS NOBAYRS NOBAYRS NOBAYRS NOBAYRS NOBAYRS NOBAYRS NOBAYRS NOBAYRS NOBAYRS NOBAYRS NOBAYRS NOBAYRS NOBAYRS NOBAYRS
[16:49:16]  sparklecrotchthottie: NOBAYRS NOBAYRS NOBAYRS NOBAYRS NOBAYRS NOBAYRS NOBAYRS NOBAYRS NOBAYRS NOBAYRS NOBAYRS NOBAYRS NOBAYRS NOBAYRS NOBAYRS NOBAYRS NOBAYRS NOBAYRS NOBAYRS NOBAYRS
[16:49:18]  sparklecrotchthottie: NOBAYRS NOBAYRS NOBAYRS NOBAYRS NOBAYRS NOBAYRS NOBAYRS NOBAYRS NOBAYRS NOBAYRS NOBAYRS NOBAYRS NOBAYRS NOBAYRS NOBAYRS NOBAYRS NOBAYRS NOBAYRS NOBAYRS NOBAYRS NOBAYRS NOBAYRS NOBAYRS
[16:49:22]  moneymoneyloot: NOBAYRS NOBAYRS NOBAYRS NOBAYRS NOBAYRS NOBAYRS NOBAYRS NOBAYRS NOBAYRS NOBAYRS NOBAYRS NOBAYRS NOBAYRS NOBAYRS NOBAYRS NOBAYRS NOBAYRS NOBAYRS NOBAYRS NOBAYRS NOBAYRS NOBAYRS NOBAYRS NOBAYRS NOBAYRS NOBAYRS NOBAYRS NOBAYRS NOBAYRS NOBAYRS NOBAYRS NOBAYRS NOBAYRS NOBAYRS NOBAYRS NOBAYRS NOBAYRS NOBAYRS NOBAYRS NOBAYRS NOBAYRS NOBAYRS NOBAYRS NOBAYRS NOBAYRS NOBAYRS NOBAYRS NOBAYRS NOBAYRS
[16:49:28]  moneymoneyloot: NOBAYRS NOBAYRS NOBAYRS NOBAYRS NOBAYRS NOBAYRS NOBAYRS NOBAYRS NOBAYRS NOBAYRS NOBAYRS NOBAYRS NOBAYRS NOBAYRS NOBAYRS NOBAYRS NOBAYRS NOBAYRS NOBAYRS NOBAYRS NOBAYRS NOBAYRS NOBAYRS NOBAYRS NOBAYRS NOBAYRS NOBAYRS NOBAYRS NOBAYRS NOBAYRS NOBAYRS NOBAYRS NOBAYRS NOBAYRS NOBAYRS NOBAYRS NOBAYRS NOBAYRS NOBAYRS NOBAYRS NOBAYRS NOBAYRS NOBAYRS NOBAYRS NOBAYRS NOBAYRS
[16:49:30]  moneymoneyloot: NOBAYRS NOBAYRS NOBAYRS NOBAYRS NOBAYRS NOBAYRS NOBAYRS NOBAYRS NOBAYRS NOBAYRS NOBAYRS NOBAYRS NOBAYRS NOBAYRS NOBAYRS NOBAYRS NOBAYRS NOBAYRS NOBAYRS NOBAYRS NOBAYRS NOBAYRS NOBAYRS
[16:49:31]  sparklecrotchthottie: NOBAYRS NOBAYRS NOBAYRS NOBAYRS NOBAYRS NOBAYRS NOBAYRS NOBAYRS NOBAYRS NOBAYRS NOBAYRS NOBAYRS NOBAYRS NOBAYRS NOBAYRS NOBAYRS NOBAYRS NOBAYRS NOBAYRS NOBAYRS NOBAYRS NOBAYRS NOBAYRS NOBAYRS NOBAYRS NOBAYRS NOBAYRS NOBAYRS
[16:49:38]  moneymoneyloot: NOBAYRS NOBAYRS NOBAYRS NOBAYRS NOBAYRS NOBAYRS NOBAYRS NOBAYRS NOBAYRS NOBAYRS NOBAYRS NOBAYRS NOBAYRS NOBAYRS NOBAYRS NOBAYRS NOBAYRS NOBAYRS NOBAYRS NOBAYRS NOBAYRS NOBAYRS NOBAYRS NOBAYRS NOBAYRS NOBAYRS NOBAYRS NOBAYRS NOBAYRS NOBAYRS NOBAYRS NOBAYRS NOBAYRS NOBAYRS NOBAYRS NOBAYRS NOBAYRS NOBAYRS NOBAYRS NOBAYRS NOBAYRS NOBAYRS NOBAYRS NOBAYRS NOBAYRS NOBAYRS : l
[16:49:39]  moribund: NOBAYRS NOBAYRS NOBAYRS NOBAYRS NOBAYRS NOBAYRS NOBAYRS NOBAYRS NOBAYRS NOBAYRS NOBAYRS NOBAYRS NOBAYRS NOBAYRS NOBAYRS
[16:49:40]  moribund: NOBAYRS NOBAYRS NOBAYRS NOBAYRS NOBAYRS NOBAYRS NOBAYRS NOBAYRS NOBAYRS NOBAYRS NOBAYRS NOBAYRS NOBAYRS NOBAYRS NOBAYRS
[16:49:40]  moribund: NOBAYRS NOBAYRS NOBAYRS NOBAYRS NOBAYRS NOBAYRS NOBAYRS NOBAYRS NOBAYRS NOBAYRS NOBAYRS NOBAYRS NOBAYRS NOBAYRS NOBAYRS
[16:49:40]  moribund: NOBAYRS NOBAYRS NOBAYRS NOBAYRS NOBAYRS NOBAYRS NOBAYRS NOBAYRS NOBAYRS NOBAYRS NOBAYRS NOBAYRS NOBAYRS NOBAYRS NOBAYRS
[16:49:41]  sparklecrotchthottie: NOBBERS NOBBERS NOBBERS NOBBERS NOBBERS NOBBERS NOBBERS NOBBERS NOBBERS NOBBERS NOBBERS NOBBERS NOBBERS NOBBERS NOBBERS NOBBERS NOBBERS
[16:49:41]  moribund: NOBAYRS NOBAYRS NOBAYRS NOBAYRS NOBAYRS NOBAYRS NOBAYRS NOBAYRS NOBAYRS NOBAYRS NOBAYRS NOBAYRS NOBAYRS NOBAYRS NOBAYRS
[16:49:41]  moribund: NOBAYRS NOBAYRS NOBAYRS NOBAYRS NOBAYRS NOBAYRS NOBAYRS NOBAYRS NOBAYRS NOBAYRS NOBAYRS NOBAYRS NOBAYRS NOBAYRS NOBAYRS
[16:49:42]  moribund: NOBAYRS NOBAYRS NOBAYRS NOBAYRS NOBAYRS NOBAYRS NOBAYRS NOBAYRS NOBAYRS NOBAYRS NOBAYRS NOBAYRS NOBAYRS NOBAYRS NOBAYRS
[16:49:42]  moribund: NOBAYRS NOBAYRS NOBAYRS NOBAYRS NOBAYRS NOBAYRS NOBAYRS NOBAYRS NOBAYRS NOBAYRS NOBAYRS NOBAYRS NOBAYRS NOBAYRS NOBAYRS
[16:49:43]  moribund: NOBAYRS NOBAYRS NOBAYRS NOBAYRS NOBAYRS NOBAYRS NOBAYRS NOBAYRS NOBAYRS NOBAYRS NOBAYRS NOBAYRS NOBAYRS NOBAYRS NOBAYRS
[16:49:43]  moribund: NOBAYRS NOBAYRS NOBAYRS NOBAYRS NOBAYRS NOBAYRS NOBAYRS NOBAYRS NOBAYRS NOBAYRS NOBAYRS NOBAYRS NOBAYRS NOBAYRS NOBAYRS
[16:49:43]  moribund: NOBAYRS NOBAYRS NOBAYRS NOBAYRS NOBAYRS NOBAYRS NOBAYRS NOBAYRS NOBAYRS NOBAYRS NOBAYRS NOBAYRS NOBAYRS NOBAYRS NOBAYRS
[16:49:44]  moribund: NOBAYRS NOBAYRS NOBAYRS NOBAYRS NOBAYRS NOBAYRS NOBAYRS NOBAYRS NOBAYRS NOBAYRS NOBAYRS NOBAYRS NOBAYRS NOBAYRS NOBAYRS
[16:49:44]  moribund: NOBAYRS NOBAYRS NOBAYRS NOBAYRS NOBAYRS NOBAYRS NOBAYRS NOBAYRS NOBAYRS NOBAYRS NOBAYRS NOBAYRS NOBAYRS NOBAYRS NOBAYRS
[16:49:45]  moribund: NOBAYRS NOBAYRS NOBAYRS NOBAYRS NOBAYRS NOBAYRS NOBAYRS NOBAYRS NOBAYRS NOBAYRS NOBAYRS NOBAYRS NOBAYRS NOBAYRS NOBAYRS
[16:49:45]  moribund: NOBAYRS NOBAYRS NOBAYRS NOBAYRS NOBAYRS NOBAYRS NOBAYRS NOBAYRS NOBAYRS NOBAYRS NOBAYRS NOBAYRS NOBAYRS NOBAYRS NOBAYRS
[16:49:45]  moribund: NOBAYRS NOBAYRS NOBAYRS NOBAYRS NOBAYRS NOBAYRS NOBAYRS NOBAYRS NOBAYRS NOBAYRS NOBAYRS NOBAYRS NOBAYRS NOBAYRS NOBAYRS
[16:49:46]  moribund: NOBAYRS NOBAYRS NOBAYRS NOBAYRS NOBAYRS NOBAYRS NOBAYRS NOBAYRS NOBAYRS NOBAYRS NOBAYRS NOBAYRS NOBAYRS NOBAYRS NOBAYRS
[16:49:48]  moneymoneyloot: NOBAYRS NOBAYRS NOBAYRS NOBAYRS NOBAYRS NOBAYRS NOBAYRS NOBAYRS NOBAYRS NOBAYRS NOBAYRS NOBAYRS NOBAYRS NOBAYRS NOBAYRS NOBAYRS NOBAYRS NOBAYRS NOBAYRS NOBAYRS NOBAYRS NOBAYRS NOBAYRS : l NOBAYRS NOBAYRS NOBAYRS NOBAYRS NOBAYRS NOBAYRS NOBAYRS NOBAYRS NOBAYRS NOBAYRS NOBAYRS NOBAYRS NOBAYRS NOBAYRS NOBAYRS NOBAYRS NOBAYRS NOBAYRS NOBAYRS NOBAYRS NOBAYRS NOBAYRS NOBAYRS
[16:49:48]  moribund: NOBAYRS NOBAYRS NOBAYRS NOBAYRS NOBAYRS NOBAYRS NOBAYRS NOBAYRS NOBAYRS NOBAYRS NOBAYRS NOBAYRS NOBAYRS NOBAYRS NOBAYRS
[16:49:48]  moribund: NOBAYRS NOBAYRS NOBAYRS NOBAYRS NOBAYRS NOBAYRS NOBAYRS NOBAYRS NOBAYRS NOBAYRS NOBAYRS NOBAYRS NOBAYRS NOBAYRS NOBAYRS
[16:49:48]  moribund: NOBAYRS NOBAYRS NOBAYRS NOBAYRS NOBAYRS NOBAYRS NOBAYRS NOBAYRS NOBAYRS NOBAYRS NOBAYRS NOBAYRS NOBAYRS NOBAYRS NOBAYRS
[16:49:48]  moribund: NOBAYRS NOBAYRS NOBAYRS NOBAYRS NOBAYRS NOBAYRS NOBAYRS NOBAYRS NOBAYRS NOBAYRS NOBAYRS NOBAYRS NOBAYRS NOBAYRS NOBAYRS
[16:49:48]  moribund: NOBAYRS NOBAYRS NOBAYRS NOBAYRS NOBAYRS NOBAYRS NOBAYRS NOBAYRS NOBAYRS NOBAYRS NOBAYRS NOBAYRS NOBAYRS NOBAYRS NOBAYRS
[16:49:49]  moribund: NOBAYRS NOBAYRS NOBAYRS NOBAYRS NOBAYRS NOBAYRS NOBAYRS NOBAYRS NOBAYRS NOBAYRS NOBAYRS NOBAYRS NOBAYRS NOBAYRS NOBAYRS
[16:49:49]  moribund: NOBAYRS NOBAYRS NOBAYRS NOBAYRS NOBAYRS NOBAYRS NOBAYRS NOBAYRS NOBAYRS NOBAYRS NOBAYRS NOBAYRS NOBAYRS NOBAYRS NOBAYRS
[16:49:49]  moribund: NOBAYRS NOBAYRS NOBAYRS NOBAYRS NOBAYRS NOBAYRS NOBAYRS NOBAYRS NOBAYRS NOBAYRS NOBAYRS NOBAYRS NOBAYRS NOBAYRS NOBAYRS
[16:49:49]  moribund: NOBAYRS NOBAYRS NOBAYRS NOBAYRS NOBAYRS NOBAYRS NOBAYRS NOBAYRS NOBAYRS NOBAYRS NOBAYRS NOBAYRS NOBAYRS NOBAYRS NOBAYRS
[16:49:50]  moribund: NOBAYRS NOBAYRS NOBAYRS NOBAYRS NOBAYRS NOBAYRS NOBAYRS NOBAYRS NOBAYRS NOBAYRS NOBAYRS NOBAYRS NOBAYRS NOBAYRS NOBAYRS
[16:49:50]  sparklecrotchthottie: PHEW
[16:50:18]  sparklecrotchthottie: gg money
[16:50:20]  sparklecrotchthottie: gg mori
[16:50:27]  moribund: gg
[16:50:32]  moneymoneyloot: gg
[16:50:41]  moribund: catJAM
[16:50:44]  sparklecrotchthottie: WHAT A SHIFT IN TONE
[16:50:46]  sparklecrotchthottie: I LOVE IT
[16:50:53]  sparklecrotchthottie: ONLY IF YOU DO IT IRL
[16:50:54]  moneymoneyloot: HEYYYYY MACARENA
[16:51:01]  apneaa: HEEEEEEEEEEEEEEEY
[16:51:04]  apneaa: noberena
[16:51:06]  sparklecrotchthottie: MANHAAAAAAAAAAYYY
[16:51:26]  sparklecrotchthottie: CoolNobbers CoolNobbers CoolNobbers CoolNobbers CoolNobbers CoolNobbers
[16:51:30]  moribund: NOBAYRS NOBAYRS NOBAYRS NOBAYRS NOBAYRS NOBAYRS NOBAYRS NOBAYRS NOBAYRS NOBAYRS NOBAYRS NOBAYRS NOBAYRS NOBAYRS NOBAYRS
[16:51:34]  moneymoneyloot: NOBAYRS NOBAYRS NOBAYRS NOBAYRS NOBAYRS NOBAYRS NOBAYRS NOBAYRS NOBAYRS NOBAYRS NOBAYRS NOBAYRS NOBAYRS NOBAYRS NOBAYRS NOBAYRS NOBAYRS NOBAYRS NOBAYRS NOBAYRS NOBAYRS NOBAYRS NOBAYRS
[16:51:44]  sparklecrotchthottie: NIOBARZ NIOBARZ NIOBARZ NIOBARZ NIOBARZ NIOBARZ NIOBARZ NIOBARZ NIOBARZ NIOBARZ NIOBARZ NIOBARZ NIOBARZ NIOBARZ NIOBARZ
[16:51:46]  moneymoneyloot: NOBAYRS NOBAYRS NOBAYRS NOBAYRS NOBAYRS NOBAYRS NOBAYRS NOBAYRS NOBAYRS NOBAYRS NOBAYRS NOBAYRS NOBAYRS NOBAYRS NOBAYRS NOBAYRS NOBAYRS NOBAYRS NOBAYRS NOBAYRS NOBAYRS NOBAYRS NOBAYRS NOBAYRS NOBAYRS NOBAYRS NOBAYRS NOBAYRS NOBAYRS NOBAYRS NOBAYRS NOBAYRS NOBAYRS NOBAYRS NOBAYRS NOBAYRS NOBAYRS NOBAYRS NOBAYRS NOBAYRS NOBAYRS NOBAYRS NOBAYRS NOBAYRS NOBAYRS NOBAYRS
[16:51:46]  sparklecrotchthottie: NIOBARZ NIOBARZ NIOBARZ NIOBARZ NIOBARZ NIOBARZ NIOBARZ NIOBARZ NIOBARZ NIOBARZ NIOBARZ NIOBARZ NIOBARZ NIOBARZ NIOBARZ NIOBARZ
[16:51:50]  sparklecrotchthottie: NOBBAYRS NOBBAYRS NOBBAYRS NOBBAYRS NOBBAYRS NOBBAYRS NOBBAYRS NOBBAYRS NOBBAYRS NOBBAYRS NOBBAYRS NOBBAYRS NOBBAYRS NOBBAYRS NOBBAYRS NOBBAYRS NOBBAYRS
[16:51:51]  sparklecrotchthottie: NOBBAYRS NOBBAYRS NOBBAYRS NOBBAYRS NOBBAYRS NOBBAYRS NOBBAYRS NOBBAYRS NOBBAYRS NOBBAYRS NOBBAYRS NOBBAYRS NOBBAYRS NOBBAYRS NOBBAYRS NOBBAYRS NOBBAYRS NOBBAYRS NOBBAYRS
[16:51:53]  sparklecrotchthottie: NOBBAYRS
[16:52:36]  sparklecrotchthottie: can you make the same tiger sound they make in this song beardy
[16:52:51]  sparklecrotchthottie: gr0wL plz. you'll intimidate the heardt : l
[16:54:42]  moribund: NOBAYRS
[16:54:51]  moneymoneyloot: NOBAYRS NOBAYRS NOBAYRS NOBAYRS NOBAYRS NOBAYRS NOBAYRS NOBAYRS NOBAYRS NOBAYRS NOBAYRS NOBAYRS NOBAYRS NOBAYRS NOBAYRS NOBAYRS NOBAYRS NOBAYRS NOBAYRS NOBAYRS NOBAYRS NOBAYRS NOBAYRS
[16:55:03]  apneaa: WHAT IS NOB
[16:55:06]  apneaa: FAKE ELITE CANT HURT ME
[16:55:09]  apneaa: NOBAYRS
[16:55:18]  apneaa: I DONT KNOW
[16:55:20]  apneaa: I DONT CARE
[16:55:24]  sparklecrotchthottie: DatSheffy nob DatSheffy
[16:55:30]  apneaa: i'M NOT TAKING THIS MELTER
[16:55:36]  apneaa: NOB CANT HURT ME
[16:55:38]  apneaa: NO MORE
[16:55:40]  apneaa: NOBAYRS
[16:55:52]  apneaa: OOOOOOOOOOOuuwuwueeaeeaaaaaaaaa
[16:55:53]  moneymoneyloot: NOBAYRS NOBAYRS NOBAYRS NOBAYRS NOBAYRS NOBAYRS NOBAYRS NOBAYRS NOBAYRS NOBAYRS NOBAYRS NOBAYRS NOBAYRS NOBAYRS NOBAYRS NOBAYRS NOBAYRS NOBAYRS NOBAYRS NOBAYRS NOBAYRS NOBAYRS NOBAYRS 󠀀
[16:55:54]  apneaa: catJAM
[16:55:54]  sparklecrotchthottie: idanDance idanDance idanDance idanDance idanDance
[16:57:01]  moribund: pchRAVE
[16:57:03]  moneymoneyloot: nilroids Prayge
[16:57:18]  moneymoneyloot: heynow
[16:57:32]  apneaa: WHAT IS TOASTER
[16:57:36]  apneaa: DEFECT SUCK
[16:57:50]  apneaa: DEFECT SUCK I DONT CARE
[16:57:53]  apneaa: DUMB TOASTER CHARACTER
[16:57:57]  apneaa: GOING TO DIE HERE
[16:57:59]  apneaa: catJAM
[16:58:19]  moribund: use Omamori charge this turn?
[16:58:22]  apneaa: what is act4, dont play defect no more :/
[16:58:35]  moneymoneyloot: :(
[16:59:14]  moneymoneyloot: i blame anchor
[16:59:37]  moneymoneyloot: legit made you play streamline instead of defrag turn 1
[16:59:59]  moneymoneyloot: replayers
[17:01:05]  moneymoneyloot: defect need evolve
[17:03:54]  moneymoneyloot: sadge
[17:05:46] Redbeardy_McGee is now offline.
